Start testing: Sep 12 13:16 EDT
----------------------------------------------------------
1/571 Testing: example::tutorial1
1/571 Test: example::tutorial1
Command: "/home/asifuddin/hpc/stage1/bfs_mpi_path/external_libs/igraph-0.10.15/build/tests/example_tutorial1"
Directory: /home/asifuddin/hpc/stage1/bfs_mpi_path/external_libs/igraph-0.10.15/examples/tutorial
"example::tutorial1" start time: Sep 12 13:16 EDT
Output:
----------------------------------------------------------
Diameter of a random graph with average degree 2: 23
<end of output>
Test time =   0.03 sec
----------------------------------------------------------
Test Passed.
"example::tutorial1" end time: Sep 12 13:16 EDT
"example::tutorial1" time elapsed: 00:00:00
----------------------------------------------------------

2/571 Testing: example::tutorial2
2/571 Test: example::tutorial2
Command: "/home/asifuddin/hpc/stage1/bfs_mpi_path/external_libs/igraph-0.10.15/build/tests/example_tutorial2"
Directory: /home/asifuddin/hpc/stage1/bfs_mpi_path/external_libs/igraph-0.10.15/examples/tutorial
"example::tutorial2" start time: Sep 12 13:16 EDT
Output:
----------------------------------------------------------
Average path length (lattice):            15.0167
Average path length (randomized lattice): 11.8142
<end of output>
Test time =   0.03 sec
----------------------------------------------------------
Test Passed.
"example::tutorial2" end time: Sep 12 13:16 EDT
"example::tutorial2" time elapsed: 00:00:00
----------------------------------------------------------

3/571 Testing: example::tutorial3
3/571 Test: example::tutorial3
Command: "/home/asifuddin/hpc/stage1/bfs_mpi_path/external_libs/igraph-0.10.15/build/tests/example_tutorial3"
Directory: /home/asifuddin/hpc/stage1/bfs_mpi_path/external_libs/igraph-0.10.15/examples/tutorial
"example::tutorial3" start time: Sep 12 13:16 EDT
Output:
----------------------------------------------------------
Maximum degree is              17, vertex 33.
Maximum closeness is    0.0172414, vertex  0.
Maximum betweenness is    231.071, vertex  0.
<end of output>
Test time =   0.00 sec
----------------------------------------------------------
Test Passed.
"example::tutorial3" end time: Sep 12 13:16 EDT
"example::tutorial3" time elapsed: 00:00:00
----------------------------------------------------------

4/571 Testing: example::igraph_version
4/571 Test: example::igraph_version
Command: "/home/asifuddin/hpc/stage1/bfs_mpi_path/external_libs/igraph-0.10.15/build/tests/example_igraph_version"
Directory: /home/asifuddin/hpc/stage1/bfs_mpi_path/external_libs/igraph-0.10.15/examples/simple
"example::igraph_version" start time: Sep 12 13:16 EDT
Output:
----------------------------------------------------------
<end of output>
Test time =   0.00 sec
----------------------------------------------------------
Test Passed.
"example::igraph_version" end time: Sep 12 13:16 EDT
"example::igraph_version" time elapsed: 00:00:00
----------------------------------------------------------

5/571 Testing: example::dqueue
5/571 Test: example::dqueue
Command: "/usr/bin/cmake" "-DTEST_EXECUTABLE=/home/asifuddin/hpc/stage1/bfs_mpi_path/external_libs/igraph-0.10.15/build/tests/example_dqueue" "-DEXPECTED_OUTPUT_FILE=/home/asifuddin/hpc/stage1/bfs_mpi_path/external_libs/igraph-0.10.15/examples/simple/dqueue.out" "-DOBSERVED_OUTPUT_FILE=/home/asifuddin/hpc/stage1/bfs_mpi_path/external_libs/igraph-0.10.15/build/tests/example_dqueue.out" "-DDIFF_FILE=/home/asifuddin/hpc/stage1/bfs_mpi_path/external_libs/igraph-0.10.15/build/tests/example_dqueue.diff" "-DDIFF_TOOL=/usr/bin/diff" "-DFC_TOOL=" "-DIGRAPH_VERSION=0.10.15" "-DCROSSCOMPILING_EMULATOR=" "-P" "/home/asifuddin/hpc/stage1/bfs_mpi_path/external_libs/igraph-0.10.15/etc/cmake/run_legacy_test.cmake"
Directory: /home/asifuddin/hpc/stage1/bfs_mpi_path/external_libs/igraph-0.10.15/build/tests
"example::dqueue" start time: Sep 12 13:16 EDT
Output:
----------------------------------------------------------
<end of output>
Test time =   0.02 sec
----------------------------------------------------------
Test Passed.
"example::dqueue" end time: Sep 12 13:16 EDT
"example::dqueue" time elapsed: 00:00:00
----------------------------------------------------------

6/571 Testing: example::igraph_sparsemat
6/571 Test: example::igraph_sparsemat
Command: "/usr/bin/cmake" "-DTEST_EXECUTABLE=/home/asifuddin/hpc/stage1/bfs_mpi_path/external_libs/igraph-0.10.15/build/tests/example_igraph_sparsemat" "-DEXPECTED_OUTPUT_FILE=/home/asifuddin/hpc/stage1/bfs_mpi_path/external_libs/igraph-0.10.15/examples/simple/igraph_sparsemat.out" "-DOBSERVED_OUTPUT_FILE=/home/asifuddin/hpc/stage1/bfs_mpi_path/external_libs/igraph-0.10.15/build/tests/example_igraph_sparsemat.out" "-DDIFF_FILE=/home/asifuddin/hpc/stage1/bfs_mpi_path/external_libs/igraph-0.10.15/build/tests/example_igraph_sparsemat.diff" "-DDIFF_TOOL=/usr/bin/diff" "-DFC_TOOL=" "-DIGRAPH_VERSION=0.10.15" "-DCROSSCOMPILING_EMULATOR=" "-P" "/home/asifuddin/hpc/stage1/bfs_mpi_path/external_libs/igraph-0.10.15/etc/cmake/run_legacy_test.cmake"
Directory: /home/asifuddin/hpc/stage1/bfs_mpi_path/external_libs/igraph-0.10.15/build/tests
"example::igraph_sparsemat" start time: Sep 12 13:16 EDT
Output:
----------------------------------------------------------
<end of output>
Test time =   0.02 sec
----------------------------------------------------------
Test Passed.
"example::igraph_sparsemat" end time: Sep 12 13:16 EDT
"example::igraph_sparsemat" time elapsed: 00:00:00
----------------------------------------------------------

7/571 Testing: example::igraph_sparsemat3
7/571 Test: example::igraph_sparsemat3
Command: "/usr/bin/cmake" "-DTEST_EXECUTABLE=/home/asifuddin/hpc/stage1/bfs_mpi_path/external_libs/igraph-0.10.15/build/tests/example_igraph_sparsemat3" "-DEXPECTED_OUTPUT_FILE=/home/asifuddin/hpc/stage1/bfs_mpi_path/external_libs/igraph-0.10.15/examples/simple/igraph_sparsemat3.out" "-DOBSERVED_OUTPUT_FILE=/home/asifuddin/hpc/stage1/bfs_mpi_path/external_libs/igraph-0.10.15/build/tests/example_igraph_sparsemat3.out" "-DDIFF_FILE=/home/asifuddin/hpc/stage1/bfs_mpi_path/external_libs/igraph-0.10.15/build/tests/example_igraph_sparsemat3.diff" "-DDIFF_TOOL=/usr/bin/diff" "-DFC_TOOL=" "-DIGRAPH_VERSION=0.10.15" "-DCROSSCOMPILING_EMULATOR=" "-P" "/home/asifuddin/hpc/stage1/bfs_mpi_path/external_libs/igraph-0.10.15/etc/cmake/run_legacy_test.cmake"
Directory: /home/asifuddin/hpc/stage1/bfs_mpi_path/external_libs/igraph-0.10.15/build/tests
"example::igraph_sparsemat3" start time: Sep 12 13:16 EDT
Output:
----------------------------------------------------------
<end of output>
Test time =   0.02 sec
----------------------------------------------------------
Test Passed.
"example::igraph_sparsemat3" end time: Sep 12 13:16 EDT
"example::igraph_sparsemat3" time elapsed: 00:00:00
----------------------------------------------------------

8/571 Testing: example::igraph_sparsemat4
8/571 Test: example::igraph_sparsemat4
Command: "/usr/bin/cmake" "-DTEST_EXECUTABLE=/home/asifuddin/hpc/stage1/bfs_mpi_path/external_libs/igraph-0.10.15/build/tests/example_igraph_sparsemat4" "-DEXPECTED_OUTPUT_FILE=/home/asifuddin/hpc/stage1/bfs_mpi_path/external_libs/igraph-0.10.15/examples/simple/igraph_sparsemat4.out" "-DOBSERVED_OUTPUT_FILE=/home/asifuddin/hpc/stage1/bfs_mpi_path/external_libs/igraph-0.10.15/build/tests/example_igraph_sparsemat4.out" "-DDIFF_FILE=/home/asifuddin/hpc/stage1/bfs_mpi_path/external_libs/igraph-0.10.15/build/tests/example_igraph_sparsemat4.diff" "-DDIFF_TOOL=/usr/bin/diff" "-DFC_TOOL=" "-DIGRAPH_VERSION=0.10.15" "-DCROSSCOMPILING_EMULATOR=" "-P" "/home/asifuddin/hpc/stage1/bfs_mpi_path/external_libs/igraph-0.10.15/etc/cmake/run_legacy_test.cmake"
Directory: /home/asifuddin/hpc/stage1/bfs_mpi_path/external_libs/igraph-0.10.15/build/tests
"example::igraph_sparsemat4" start time: Sep 12 13:16 EDT
Output:
----------------------------------------------------------
<end of output>
Test time =   0.02 sec
----------------------------------------------------------
Test Passed.
"example::igraph_sparsemat4" end time: Sep 12 13:16 EDT
"example::igraph_sparsemat4" time elapsed: 00:00:00
----------------------------------------------------------

9/571 Testing: example::igraph_sparsemat6
9/571 Test: example::igraph_sparsemat6
Command: "/home/asifuddin/hpc/stage1/bfs_mpi_path/external_libs/igraph-0.10.15/build/tests/example_igraph_sparsemat6"
Directory: /home/asifuddin/hpc/stage1/bfs_mpi_path/external_libs/igraph-0.10.15/examples/simple
"example::igraph_sparsemat6" start time: Sep 12 13:16 EDT
Output:
----------------------------------------------------------
<end of output>
Test time =   0.00 sec
----------------------------------------------------------
Test Passed.
"example::igraph_sparsemat6" end time: Sep 12 13:16 EDT
"example::igraph_sparsemat6" time elapsed: 00:00:00
----------------------------------------------------------

10/571 Testing: example::igraph_sparsemat7
10/571 Test: example::igraph_sparsemat7
Command: "/home/asifuddin/hpc/stage1/bfs_mpi_path/external_libs/igraph-0.10.15/build/tests/example_igraph_sparsemat7"
Directory: /home/asifuddin/hpc/stage1/bfs_mpi_path/external_libs/igraph-0.10.15/examples/simple
"example::igraph_sparsemat7" start time: Sep 12 13:16 EDT
Output:
----------------------------------------------------------
<end of output>
Test time =   0.00 sec
----------------------------------------------------------
Test Passed.
"example::igraph_sparsemat7" end time: Sep 12 13:16 EDT
"example::igraph_sparsemat7" time elapsed: 00:00:00
----------------------------------------------------------

11/571 Testing: example::igraph_sparsemat8
11/571 Test: example::igraph_sparsemat8
Command: "/home/asifuddin/hpc/stage1/bfs_mpi_path/external_libs/igraph-0.10.15/build/tests/example_igraph_sparsemat8"
Directory: /home/asifuddin/hpc/stage1/bfs_mpi_path/external_libs/igraph-0.10.15/examples/simple
"example::igraph_sparsemat8" start time: Sep 12 13:16 EDT
Output:
----------------------------------------------------------
<end of output>
Test time =   0.00 sec
----------------------------------------------------------
Test Passed.
"example::igraph_sparsemat8" end time: Sep 12 13:16 EDT
"example::igraph_sparsemat8" time elapsed: 00:00:00
----------------------------------------------------------

12/571 Testing: example::igraph_strvector
12/571 Test: example::igraph_strvector
Command: "/usr/bin/cmake" "-DTEST_EXECUTABLE=/home/asifuddin/hpc/stage1/bfs_mpi_path/external_libs/igraph-0.10.15/build/tests/example_igraph_strvector" "-DEXPECTED_OUTPUT_FILE=/home/asifuddin/hpc/stage1/bfs_mpi_path/external_libs/igraph-0.10.15/examples/simple/igraph_strvector.out" "-DOBSERVED_OUTPUT_FILE=/home/asifuddin/hpc/stage1/bfs_mpi_path/external_libs/igraph-0.10.15/build/tests/example_igraph_strvector.out" "-DDIFF_FILE=/home/asifuddin/hpc/stage1/bfs_mpi_path/external_libs/igraph-0.10.15/build/tests/example_igraph_strvector.diff" "-DDIFF_TOOL=/usr/bin/diff" "-DFC_TOOL=" "-DIGRAPH_VERSION=0.10.15" "-DCROSSCOMPILING_EMULATOR=" "-P" "/home/asifuddin/hpc/stage1/bfs_mpi_path/external_libs/igraph-0.10.15/etc/cmake/run_legacy_test.cmake"
Directory: /home/asifuddin/hpc/stage1/bfs_mpi_path/external_libs/igraph-0.10.15/build/tests
"example::igraph_strvector" start time: Sep 12 13:16 EDT
Output:
----------------------------------------------------------
<end of output>
Test time =   0.02 sec
----------------------------------------------------------
Test Passed.
"example::igraph_strvector" end time: Sep 12 13:16 EDT
"example::igraph_strvector" time elapsed: 00:00:00
----------------------------------------------------------

13/571 Testing: example::igraph_vector_int_list_sort
13/571 Test: example::igraph_vector_int_list_sort
Command: "/home/asifuddin/hpc/stage1/bfs_mpi_path/external_libs/igraph-0.10.15/build/tests/example_igraph_vector_int_list_sort"
Directory: /home/asifuddin/hpc/stage1/bfs_mpi_path/external_libs/igraph-0.10.15/examples/simple
"example::igraph_vector_int_list_sort" start time: Sep 12 13:16 EDT
Output:
----------------------------------------------------------
Maximal cliques in lexicographical order:
1 0 2 9 11
1 0 2 10 5
1 0 2 10 8
1 0 2 10 11
1 0 12 5
1 0 12 8
1 0 12 9
1 3 2 9 11
1 3 2 10 5
1 3 2 10 11
1 3 14 10 5
1 3 14 10 8
1 3 14 10 11
1 3 14 11 9
1 3 14 12 5
1 3 14 12 8
1 3 14 12 9
2 7 9 4 0
2 7 9 4 3
2 7 9 11 0
2 7 9 11 3
2 7 10 6 4 5 0
2 7 10 6 4 5 3
2 7 10 6 4 8 0
2 7 10 6 4 8 3
2 7 10 6 11 0
2 7 10 6 11 3
3 4 7 12 5
3 4 7 12 8
3 4 7 12 9
3 4 14 6 10 5
3 4 14 6 10 8
3 4 14 12 5
3 4 14 12 8
3 4 14 12 9
3 11 14 6 10
4 0 7 12 5
4 0 7 12 8
4 0 7 12 9
13 2 3 9 1
13 2 3 9 7
13 2 3 10 8 1
13 2 3 10 8 7 6

Maximal cliques in colexicographical order:
2 7 9 4 0
2 7 10 6 4 5 0
2 7 10 6 4 8 0
2 7 10 6 11 0
2 7 9 11 0
13 2 3 10 8 1
13 2 3 9 1
2 7 9 4 3
2 7 10 6 4 5 3
2 7 10 6 4 8 3
2 7 10 6 11 3
2 7 9 11 3
1 0 2 10 5
1 3 2 10 5
3 4 14 6 10 5
1 3 14 10 5
1 0 12 5
4 0 7 12 5
3 4 7 12 5
1 3 14 12 5
3 4 14 12 5
13 2 3 10 8 7 6
13 2 3 9 7
1 0 2 10 8
3 4 14 6 10 8
1 3 14 10 8
1 0 12 8
4 0 7 12 8
3 4 7 12 8
1 3 14 12 8
3 4 14 12 8
1 3 14 11 9
1 0 12 9
4 0 7 12 9
3 4 7 12 9
1 3 14 12 9
3 4 14 12 9
3 11 14 6 10
1 0 2 9 11
1 3 2 9 11
1 0 2 10 11
1 3 2 10 11
1 3 14 10 11
<end of output>
Test time =   0.00 sec
----------------------------------------------------------
Test Passed.
"example::igraph_vector_int_list_sort" end time: Sep 12 13:16 EDT
"example::igraph_vector_int_list_sort" time elapsed: 00:00:00
----------------------------------------------------------

14/571 Testing: test::bitset
14/571 Test: test::bitset
Command: "/usr/bin/cmake" "-DTEST_EXECUTABLE=/home/asifuddin/hpc/stage1/bfs_mpi_path/external_libs/igraph-0.10.15/build/tests/test_bitset" "-DEXPECTED_OUTPUT_FILE=/home/asifuddin/hpc/stage1/bfs_mpi_path/external_libs/igraph-0.10.15/tests/unit/bitset.out" "-DOBSERVED_OUTPUT_FILE=/home/asifuddin/hpc/stage1/bfs_mpi_path/external_libs/igraph-0.10.15/build/tests/test_bitset.out" "-DDIFF_FILE=/home/asifuddin/hpc/stage1/bfs_mpi_path/external_libs/igraph-0.10.15/build/tests/test_bitset.diff" "-DDIFF_TOOL=/usr/bin/diff" "-DFC_TOOL=" "-DIGRAPH_VERSION=0.10.15" "-DCROSSCOMPILING_EMULATOR=" "-P" "/home/asifuddin/hpc/stage1/bfs_mpi_path/external_libs/igraph-0.10.15/etc/cmake/run_legacy_test.cmake"
Directory: /home/asifuddin/hpc/stage1/bfs_mpi_path/external_libs/igraph-0.10.15/build/tests
"test::bitset" start time: Sep 12 13:16 EDT
Output:
----------------------------------------------------------
<end of output>
Test time =   0.02 sec
----------------------------------------------------------
Test Passed.
"test::bitset" end time: Sep 12 13:16 EDT
"test::bitset" time elapsed: 00:00:00
----------------------------------------------------------

15/571 Testing: test::heap
15/571 Test: test::heap
Command: "/usr/bin/cmake" "-DTEST_EXECUTABLE=/home/asifuddin/hpc/stage1/bfs_mpi_path/external_libs/igraph-0.10.15/build/tests/test_heap" "-DEXPECTED_OUTPUT_FILE=/home/asifuddin/hpc/stage1/bfs_mpi_path/external_libs/igraph-0.10.15/tests/unit/heap.out" "-DOBSERVED_OUTPUT_FILE=/home/asifuddin/hpc/stage1/bfs_mpi_path/external_libs/igraph-0.10.15/build/tests/test_heap.out" "-DDIFF_FILE=/home/asifuddin/hpc/stage1/bfs_mpi_path/external_libs/igraph-0.10.15/build/tests/test_heap.diff" "-DDIFF_TOOL=/usr/bin/diff" "-DFC_TOOL=" "-DIGRAPH_VERSION=0.10.15" "-DCROSSCOMPILING_EMULATOR=" "-P" "/home/asifuddin/hpc/stage1/bfs_mpi_path/external_libs/igraph-0.10.15/etc/cmake/run_legacy_test.cmake"
Directory: /home/asifuddin/hpc/stage1/bfs_mpi_path/external_libs/igraph-0.10.15/build/tests
"test::heap" start time: Sep 12 13:16 EDT
Output:
----------------------------------------------------------
<end of output>
Test time =   0.02 sec
----------------------------------------------------------
Test Passed.
"test::heap" end time: Sep 12 13:16 EDT
"test::heap" time elapsed: 00:00:00
----------------------------------------------------------

16/571 Testing: test::igraph_complex
16/571 Test: test::igraph_complex
Command: "/home/asifuddin/hpc/stage1/bfs_mpi_path/external_libs/igraph-0.10.15/build/tests/test_igraph_complex"
Directory: /home/asifuddin/hpc/stage1/bfs_mpi_path/external_libs/igraph-0.10.15/tests/unit
"test::igraph_complex" start time: Sep 12 13:16 EDT
Output:
----------------------------------------------------------
<end of output>
Test time =   0.00 sec
----------------------------------------------------------
Test Passed.
"test::igraph_complex" end time: Sep 12 13:16 EDT
"test::igraph_complex" time elapsed: 00:00:00
----------------------------------------------------------

17/571 Testing: test::igraph_psumtree
17/571 Test: test::igraph_psumtree
Command: "/home/asifuddin/hpc/stage1/bfs_mpi_path/external_libs/igraph-0.10.15/build/tests/test_igraph_psumtree"
Directory: /home/asifuddin/hpc/stage1/bfs_mpi_path/external_libs/igraph-0.10.15/tests/unit
"test::igraph_psumtree" start time: Sep 12 13:16 EDT
Output:
----------------------------------------------------------
<end of output>
Test time =   0.01 sec
----------------------------------------------------------
Test Passed.
"test::igraph_psumtree" end time: Sep 12 13:16 EDT
"test::igraph_psumtree" time elapsed: 00:00:00
----------------------------------------------------------

18/571 Testing: test::igraph_sparsemat5
18/571 Test: test::igraph_sparsemat5
Command: "/usr/bin/cmake" "-DTEST_EXECUTABLE=/home/asifuddin/hpc/stage1/bfs_mpi_path/external_libs/igraph-0.10.15/build/tests/test_igraph_sparsemat5" "-DEXPECTED_OUTPUT_FILE=/home/asifuddin/hpc/stage1/bfs_mpi_path/external_libs/igraph-0.10.15/tests/unit/igraph_sparsemat5.out" "-DOBSERVED_OUTPUT_FILE=/home/asifuddin/hpc/stage1/bfs_mpi_path/external_libs/igraph-0.10.15/build/tests/test_igraph_sparsemat5.out" "-DDIFF_FILE=/home/asifuddin/hpc/stage1/bfs_mpi_path/external_libs/igraph-0.10.15/build/tests/test_igraph_sparsemat5.diff" "-DDIFF_TOOL=/usr/bin/diff" "-DFC_TOOL=" "-DIGRAPH_VERSION=0.10.15" "-DCROSSCOMPILING_EMULATOR=" "-P" "/home/asifuddin/hpc/stage1/bfs_mpi_path/external_libs/igraph-0.10.15/etc/cmake/run_legacy_test.cmake"
Directory: /home/asifuddin/hpc/stage1/bfs_mpi_path/external_libs/igraph-0.10.15/build/tests
"test::igraph_sparsemat5" start time: Sep 12 13:16 EDT
Output:
----------------------------------------------------------
<end of output>
Test time =   0.02 sec
----------------------------------------------------------
Test Passed.
"test::igraph_sparsemat5" end time: Sep 12 13:16 EDT
"test::igraph_sparsemat5" time elapsed: 00:00:00
----------------------------------------------------------

19/571 Testing: test::igraph_sparsemat9
19/571 Test: test::igraph_sparsemat9
Command: "/home/asifuddin/hpc/stage1/bfs_mpi_path/external_libs/igraph-0.10.15/build/tests/test_igraph_sparsemat9"
Directory: /home/asifuddin/hpc/stage1/bfs_mpi_path/external_libs/igraph-0.10.15/tests/unit
"test::igraph_sparsemat9" start time: Sep 12 13:16 EDT
Output:
----------------------------------------------------------
<end of output>
Test time =   0.00 sec
----------------------------------------------------------
Test Passed.
"test::igraph_sparsemat9" end time: Sep 12 13:16 EDT
"test::igraph_sparsemat9" time elapsed: 00:00:00
----------------------------------------------------------

20/571 Testing: test::igraph_sparsemat_droptol
20/571 Test: test::igraph_sparsemat_droptol
Command: "/usr/bin/cmake" "-DTEST_EXECUTABLE=/home/asifuddin/hpc/stage1/bfs_mpi_path/external_libs/igraph-0.10.15/build/tests/test_igraph_sparsemat_droptol" "-DEXPECTED_OUTPUT_FILE=/home/asifuddin/hpc/stage1/bfs_mpi_path/external_libs/igraph-0.10.15/tests/unit/igraph_sparsemat_droptol.out" "-DOBSERVED_OUTPUT_FILE=/home/asifuddin/hpc/stage1/bfs_mpi_path/external_libs/igraph-0.10.15/build/tests/test_igraph_sparsemat_droptol.out" "-DDIFF_FILE=/home/asifuddin/hpc/stage1/bfs_mpi_path/external_libs/igraph-0.10.15/build/tests/test_igraph_sparsemat_droptol.diff" "-DDIFF_TOOL=/usr/bin/diff" "-DFC_TOOL=" "-DIGRAPH_VERSION=0.10.15" "-DCROSSCOMPILING_EMULATOR=" "-P" "/home/asifuddin/hpc/stage1/bfs_mpi_path/external_libs/igraph-0.10.15/etc/cmake/run_legacy_test.cmake"
Directory: /home/asifuddin/hpc/stage1/bfs_mpi_path/external_libs/igraph-0.10.15/build/tests
"test::igraph_sparsemat_droptol" start time: Sep 12 13:16 EDT
Output:
----------------------------------------------------------
<end of output>
Test time =   0.02 sec
----------------------------------------------------------
Test Passed.
"test::igraph_sparsemat_droptol" end time: Sep 12 13:16 EDT
"test::igraph_sparsemat_droptol" time elapsed: 00:00:00
----------------------------------------------------------

21/571 Testing: test::igraph_sparsemat_fkeep
21/571 Test: test::igraph_sparsemat_fkeep
Command: "/usr/bin/cmake" "-DTEST_EXECUTABLE=/home/asifuddin/hpc/stage1/bfs_mpi_path/external_libs/igraph-0.10.15/build/tests/test_igraph_sparsemat_fkeep" "-DEXPECTED_OUTPUT_FILE=/home/asifuddin/hpc/stage1/bfs_mpi_path/external_libs/igraph-0.10.15/tests/unit/igraph_sparsemat_fkeep.out" "-DOBSERVED_OUTPUT_FILE=/home/asifuddin/hpc/stage1/bfs_mpi_path/external_libs/igraph-0.10.15/build/tests/test_igraph_sparsemat_fkeep.out" "-DDIFF_FILE=/home/asifuddin/hpc/stage1/bfs_mpi_path/external_libs/igraph-0.10.15/build/tests/test_igraph_sparsemat_fkeep.diff" "-DDIFF_TOOL=/usr/bin/diff" "-DFC_TOOL=" "-DIGRAPH_VERSION=0.10.15" "-DCROSSCOMPILING_EMULATOR=" "-P" "/home/asifuddin/hpc/stage1/bfs_mpi_path/external_libs/igraph-0.10.15/etc/cmake/run_legacy_test.cmake"
Directory: /home/asifuddin/hpc/stage1/bfs_mpi_path/external_libs/igraph-0.10.15/build/tests
"test::igraph_sparsemat_fkeep" start time: Sep 12 13:16 EDT
Output:
----------------------------------------------------------
<end of output>
Test time =   0.02 sec
----------------------------------------------------------
Test Passed.
"test::igraph_sparsemat_fkeep" end time: Sep 12 13:16 EDT
"test::igraph_sparsemat_fkeep" time elapsed: 00:00:00
----------------------------------------------------------

22/571 Testing: test::igraph_sparsemat_getelements_sorted
22/571 Test: test::igraph_sparsemat_getelements_sorted
Command: "/usr/bin/cmake" "-DTEST_EXECUTABLE=/home/asifuddin/hpc/stage1/bfs_mpi_path/external_libs/igraph-0.10.15/build/tests/test_igraph_sparsemat_getelements_sorted" "-DEXPECTED_OUTPUT_FILE=/home/asifuddin/hpc/stage1/bfs_mpi_path/external_libs/igraph-0.10.15/tests/unit/igraph_sparsemat_getelements_sorted.out" "-DOBSERVED_OUTPUT_FILE=/home/asifuddin/hpc/stage1/bfs_mpi_path/external_libs/igraph-0.10.15/build/tests/test_igraph_sparsemat_getelements_sorted.out" "-DDIFF_FILE=/home/asifuddin/hpc/stage1/bfs_mpi_path/external_libs/igraph-0.10.15/build/tests/test_igraph_sparsemat_getelements_sorted.diff" "-DDIFF_TOOL=/usr/bin/diff" "-DFC_TOOL=" "-DIGRAPH_VERSION=0.10.15" "-DCROSSCOMPILING_EMULATOR=" "-P" "/home/asifuddin/hpc/stage1/bfs_mpi_path/external_libs/igraph-0.10.15/etc/cmake/run_legacy_test.cmake"
Directory: /home/asifuddin/hpc/stage1/bfs_mpi_path/external_libs/igraph-0.10.15/build/tests
"test::igraph_sparsemat_getelements_sorted" start time: Sep 12 13:16 EDT
Output:
----------------------------------------------------------
<end of output>
Test time =   0.02 sec
----------------------------------------------------------
Test Passed.
"test::igraph_sparsemat_getelements_sorted" end time: Sep 12 13:16 EDT
"test::igraph_sparsemat_getelements_sorted" time elapsed: 00:00:00
----------------------------------------------------------

23/571 Testing: test::igraph_sparsemat_is_symmetric
23/571 Test: test::igraph_sparsemat_is_symmetric
Command: "/home/asifuddin/hpc/stage1/bfs_mpi_path/external_libs/igraph-0.10.15/build/tests/test_igraph_sparsemat_is_symmetric"
Directory: /home/asifuddin/hpc/stage1/bfs_mpi_path/external_libs/igraph-0.10.15/tests/unit
"test::igraph_sparsemat_is_symmetric" start time: Sep 12 13:16 EDT
Output:
----------------------------------------------------------
<end of output>
Test time =   0.00 sec
----------------------------------------------------------
Test Passed.
"test::igraph_sparsemat_is_symmetric" end time: Sep 12 13:16 EDT
"test::igraph_sparsemat_is_symmetric" time elapsed: 00:00:00
----------------------------------------------------------

24/571 Testing: test::igraph_sparsemat_iterator_idx
24/571 Test: test::igraph_sparsemat_iterator_idx
Command: "/home/asifuddin/hpc/stage1/bfs_mpi_path/external_libs/igraph-0.10.15/build/tests/test_igraph_sparsemat_iterator_idx"
Directory: /home/asifuddin/hpc/stage1/bfs_mpi_path/external_libs/igraph-0.10.15/tests/unit
"test::igraph_sparsemat_iterator_idx" start time: Sep 12 13:16 EDT
Output:
----------------------------------------------------------
0x0 matrix.
3x3 matrix.
<end of output>
Test time =   0.00 sec
----------------------------------------------------------
Test Passed.
"test::igraph_sparsemat_iterator_idx" end time: Sep 12 13:16 EDT
"test::igraph_sparsemat_iterator_idx" time elapsed: 00:00:00
----------------------------------------------------------

25/571 Testing: test::igraph_sparsemat_minmax
25/571 Test: test::igraph_sparsemat_minmax
Command: "/usr/bin/cmake" "-DTEST_EXECUTABLE=/home/asifuddin/hpc/stage1/bfs_mpi_path/external_libs/igraph-0.10.15/build/tests/test_igraph_sparsemat_minmax" "-DEXPECTED_OUTPUT_FILE=/home/asifuddin/hpc/stage1/bfs_mpi_path/external_libs/igraph-0.10.15/tests/unit/igraph_sparsemat_minmax.out" "-DOBSERVED_OUTPUT_FILE=/home/asifuddin/hpc/stage1/bfs_mpi_path/external_libs/igraph-0.10.15/build/tests/test_igraph_sparsemat_minmax.out" "-DDIFF_FILE=/home/asifuddin/hpc/stage1/bfs_mpi_path/external_libs/igraph-0.10.15/build/tests/test_igraph_sparsemat_minmax.diff" "-DDIFF_TOOL=/usr/bin/diff" "-DFC_TOOL=" "-DIGRAPH_VERSION=0.10.15" "-DCROSSCOMPILING_EMULATOR=" "-P" "/home/asifuddin/hpc/stage1/bfs_mpi_path/external_libs/igraph-0.10.15/etc/cmake/run_legacy_test.cmake"
Directory: /home/asifuddin/hpc/stage1/bfs_mpi_path/external_libs/igraph-0.10.15/build/tests
"test::igraph_sparsemat_minmax" start time: Sep 12 13:16 EDT
Output:
----------------------------------------------------------
<end of output>
Test time =   0.02 sec
----------------------------------------------------------
Test Passed.
"test::igraph_sparsemat_minmax" end time: Sep 12 13:16 EDT
"test::igraph_sparsemat_minmax" time elapsed: 00:00:00
----------------------------------------------------------

26/571 Testing: test::igraph_sparsemat_nonzero_storage
26/571 Test: test::igraph_sparsemat_nonzero_storage
Command: "/home/asifuddin/hpc/stage1/bfs_mpi_path/external_libs/igraph-0.10.15/build/tests/test_igraph_sparsemat_nonzero_storage"
Directory: /home/asifuddin/hpc/stage1/bfs_mpi_path/external_libs/igraph-0.10.15/tests/unit
"test::igraph_sparsemat_nonzero_storage" start time: Sep 12 13:16 EDT
Output:
----------------------------------------------------------
0x0 matrix
3x3 compressed matrix with duplicate values that add up to zero.
Adding one entry to work around some broken error handling.
Removing duplicates should leave us with one entry in each position.
Removing all zeros should leave us with only one entry.
<end of output>
Test time =   0.00 sec
----------------------------------------------------------
Test Passed.
"test::igraph_sparsemat_nonzero_storage" end time: Sep 12 13:16 EDT
"test::igraph_sparsemat_nonzero_storage" time elapsed: 00:00:00
----------------------------------------------------------

27/571 Testing: test::igraph_sparsemat_normalize
27/571 Test: test::igraph_sparsemat_normalize
Command: "/usr/bin/cmake" "-DTEST_EXECUTABLE=/home/asifuddin/hpc/stage1/bfs_mpi_path/external_libs/igraph-0.10.15/build/tests/test_igraph_sparsemat_normalize" "-DEXPECTED_OUTPUT_FILE=/home/asifuddin/hpc/stage1/bfs_mpi_path/external_libs/igraph-0.10.15/tests/unit/igraph_sparsemat_normalize.out" "-DOBSERVED_OUTPUT_FILE=/home/asifuddin/hpc/stage1/bfs_mpi_path/external_libs/igraph-0.10.15/build/tests/test_igraph_sparsemat_normalize.out" "-DDIFF_FILE=/home/asifuddin/hpc/stage1/bfs_mpi_path/external_libs/igraph-0.10.15/build/tests/test_igraph_sparsemat_normalize.diff" "-DDIFF_TOOL=/usr/bin/diff" "-DFC_TOOL=" "-DIGRAPH_VERSION=0.10.15" "-DCROSSCOMPILING_EMULATOR=" "-P" "/home/asifuddin/hpc/stage1/bfs_mpi_path/external_libs/igraph-0.10.15/etc/cmake/run_legacy_test.cmake"
Directory: /home/asifuddin/hpc/stage1/bfs_mpi_path/external_libs/igraph-0.10.15/build/tests
"test::igraph_sparsemat_normalize" start time: Sep 12 13:16 EDT
Output:
----------------------------------------------------------
<end of output>
Test time =   0.02 sec
----------------------------------------------------------
Test Passed.
"test::igraph_sparsemat_normalize" end time: Sep 12 13:16 EDT
"test::igraph_sparsemat_normalize" time elapsed: 00:00:00
----------------------------------------------------------

28/571 Testing: test::igraph_sparsemat_view
28/571 Test: test::igraph_sparsemat_view
Command: "/usr/bin/cmake" "-DTEST_EXECUTABLE=/home/asifuddin/hpc/stage1/bfs_mpi_path/external_libs/igraph-0.10.15/build/tests/test_igraph_sparsemat_view" "-DEXPECTED_OUTPUT_FILE=/home/asifuddin/hpc/stage1/bfs_mpi_path/external_libs/igraph-0.10.15/tests/unit/igraph_sparsemat_view.out" "-DOBSERVED_OUTPUT_FILE=/home/asifuddin/hpc/stage1/bfs_mpi_path/external_libs/igraph-0.10.15/build/tests/test_igraph_sparsemat_view.out" "-DDIFF_FILE=/home/asifuddin/hpc/stage1/bfs_mpi_path/external_libs/igraph-0.10.15/build/tests/test_igraph_sparsemat_view.diff" "-DDIFF_TOOL=/usr/bin/diff" "-DFC_TOOL=" "-DIGRAPH_VERSION=0.10.15" "-DCROSSCOMPILING_EMULATOR=" "-P" "/home/asifuddin/hpc/stage1/bfs_mpi_path/external_libs/igraph-0.10.15/etc/cmake/run_legacy_test.cmake"
Directory: /home/asifuddin/hpc/stage1/bfs_mpi_path/external_libs/igraph-0.10.15/build/tests
"test::igraph_sparsemat_view" start time: Sep 12 13:16 EDT
Output:
----------------------------------------------------------
<end of output>
Test time =   0.02 sec
----------------------------------------------------------
Test Passed.
"test::igraph_sparsemat_view" end time: Sep 12 13:16 EDT
"test::igraph_sparsemat_view" time elapsed: 00:00:00
----------------------------------------------------------

29/571 Testing: test::igraph_sparsemat_which_minmax
29/571 Test: test::igraph_sparsemat_which_minmax
Command: "/usr/bin/cmake" "-DTEST_EXECUTABLE=/home/asifuddin/hpc/stage1/bfs_mpi_path/external_libs/igraph-0.10.15/build/tests/test_igraph_sparsemat_which_minmax" "-DEXPECTED_OUTPUT_FILE=/home/asifuddin/hpc/stage1/bfs_mpi_path/external_libs/igraph-0.10.15/tests/unit/igraph_sparsemat_which_minmax.out" "-DOBSERVED_OUTPUT_FILE=/home/asifuddin/hpc/stage1/bfs_mpi_path/external_libs/igraph-0.10.15/build/tests/test_igraph_sparsemat_which_minmax.out" "-DDIFF_FILE=/home/asifuddin/hpc/stage1/bfs_mpi_path/external_libs/igraph-0.10.15/build/tests/test_igraph_sparsemat_which_minmax.diff" "-DDIFF_TOOL=/usr/bin/diff" "-DFC_TOOL=" "-DIGRAPH_VERSION=0.10.15" "-DCROSSCOMPILING_EMULATOR=" "-P" "/home/asifuddin/hpc/stage1/bfs_mpi_path/external_libs/igraph-0.10.15/etc/cmake/run_legacy_test.cmake"
Directory: /home/asifuddin/hpc/stage1/bfs_mpi_path/external_libs/igraph-0.10.15/build/tests
"test::igraph_sparsemat_which_minmax" start time: Sep 12 13:16 EDT
Output:
----------------------------------------------------------
<end of output>
Test time =   0.02 sec
----------------------------------------------------------
Test Passed.
"test::igraph_sparsemat_which_minmax" end time: Sep 12 13:16 EDT
"test::igraph_sparsemat_which_minmax" time elapsed: 00:00:00
----------------------------------------------------------

30/571 Testing: test::igraph_strvector
30/571 Test: test::igraph_strvector
Command: "/usr/bin/cmake" "-DTEST_EXECUTABLE=/home/asifuddin/hpc/stage1/bfs_mpi_path/external_libs/igraph-0.10.15/build/tests/test_igraph_strvector" "-DEXPECTED_OUTPUT_FILE=/home/asifuddin/hpc/stage1/bfs_mpi_path/external_libs/igraph-0.10.15/tests/unit/igraph_strvector.out" "-DOBSERVED_OUTPUT_FILE=/home/asifuddin/hpc/stage1/bfs_mpi_path/external_libs/igraph-0.10.15/build/tests/test_igraph_strvector.out" "-DDIFF_FILE=/home/asifuddin/hpc/stage1/bfs_mpi_path/external_libs/igraph-0.10.15/build/tests/test_igraph_strvector.diff" "-DDIFF_TOOL=/usr/bin/diff" "-DFC_TOOL=" "-DIGRAPH_VERSION=0.10.15" "-DCROSSCOMPILING_EMULATOR=" "-P" "/home/asifuddin/hpc/stage1/bfs_mpi_path/external_libs/igraph-0.10.15/etc/cmake/run_legacy_test.cmake"
Directory: /home/asifuddin/hpc/stage1/bfs_mpi_path/external_libs/igraph-0.10.15/build/tests
"test::igraph_strvector" start time: Sep 12 13:16 EDT
Output:
----------------------------------------------------------
<end of output>
Test time =   0.02 sec
----------------------------------------------------------
Test Passed.
"test::igraph_strvector" end time: Sep 12 13:16 EDT
"test::igraph_strvector" time elapsed: 00:00:00
----------------------------------------------------------

31/571 Testing: test::igraph_vector_floor
31/571 Test: test::igraph_vector_floor
Command: "/usr/bin/cmake" "-DTEST_EXECUTABLE=/home/asifuddin/hpc/stage1/bfs_mpi_path/external_libs/igraph-0.10.15/build/tests/test_igraph_vector_floor" "-DEXPECTED_OUTPUT_FILE=/home/asifuddin/hpc/stage1/bfs_mpi_path/external_libs/igraph-0.10.15/tests/unit/igraph_vector_floor.out" "-DOBSERVED_OUTPUT_FILE=/home/asifuddin/hpc/stage1/bfs_mpi_path/external_libs/igraph-0.10.15/build/tests/test_igraph_vector_floor.out" "-DDIFF_FILE=/home/asifuddin/hpc/stage1/bfs_mpi_path/external_libs/igraph-0.10.15/build/tests/test_igraph_vector_floor.diff" "-DDIFF_TOOL=/usr/bin/diff" "-DFC_TOOL=" "-DIGRAPH_VERSION=0.10.15" "-DCROSSCOMPILING_EMULATOR=" "-P" "/home/asifuddin/hpc/stage1/bfs_mpi_path/external_libs/igraph-0.10.15/etc/cmake/run_legacy_test.cmake"
Directory: /home/asifuddin/hpc/stage1/bfs_mpi_path/external_libs/igraph-0.10.15/build/tests
"test::igraph_vector_floor" start time: Sep 12 13:16 EDT
Output:
----------------------------------------------------------
<end of output>
Test time =   0.02 sec
----------------------------------------------------------
Test Passed.
"test::igraph_vector_floor" end time: Sep 12 13:16 EDT
"test::igraph_vector_floor" time elapsed: 00:00:00
----------------------------------------------------------

32/571 Testing: test::igraph_vector_lex_cmp
32/571 Test: test::igraph_vector_lex_cmp
Command: "/usr/bin/cmake" "-DTEST_EXECUTABLE=/home/asifuddin/hpc/stage1/bfs_mpi_path/external_libs/igraph-0.10.15/build/tests/test_igraph_vector_lex_cmp" "-DEXPECTED_OUTPUT_FILE=/home/asifuddin/hpc/stage1/bfs_mpi_path/external_libs/igraph-0.10.15/tests/unit/igraph_vector_lex_cmp.out" "-DOBSERVED_OUTPUT_FILE=/home/asifuddin/hpc/stage1/bfs_mpi_path/external_libs/igraph-0.10.15/build/tests/test_igraph_vector_lex_cmp.out" "-DDIFF_FILE=/home/asifuddin/hpc/stage1/bfs_mpi_path/external_libs/igraph-0.10.15/build/tests/test_igraph_vector_lex_cmp.diff" "-DDIFF_TOOL=/usr/bin/diff" "-DFC_TOOL=" "-DIGRAPH_VERSION=0.10.15" "-DCROSSCOMPILING_EMULATOR=" "-P" "/home/asifuddin/hpc/stage1/bfs_mpi_path/external_libs/igraph-0.10.15/etc/cmake/run_legacy_test.cmake"
Directory: /home/asifuddin/hpc/stage1/bfs_mpi_path/external_libs/igraph-0.10.15/build/tests
"test::igraph_vector_lex_cmp" start time: Sep 12 13:16 EDT
Output:
----------------------------------------------------------
<end of output>
Test time =   0.02 sec
----------------------------------------------------------
Test Passed.
"test::igraph_vector_lex_cmp" end time: Sep 12 13:16 EDT
"test::igraph_vector_lex_cmp" time elapsed: 00:00:00
----------------------------------------------------------

33/571 Testing: test::matrix
33/571 Test: test::matrix
Command: "/usr/bin/cmake" "-DTEST_EXECUTABLE=/home/asifuddin/hpc/stage1/bfs_mpi_path/external_libs/igraph-0.10.15/build/tests/test_matrix" "-DEXPECTED_OUTPUT_FILE=/home/asifuddin/hpc/stage1/bfs_mpi_path/external_libs/igraph-0.10.15/tests/unit/matrix.out" "-DOBSERVED_OUTPUT_FILE=/home/asifuddin/hpc/stage1/bfs_mpi_path/external_libs/igraph-0.10.15/build/tests/test_matrix.out" "-DDIFF_FILE=/home/asifuddin/hpc/stage1/bfs_mpi_path/external_libs/igraph-0.10.15/build/tests/test_matrix.diff" "-DDIFF_TOOL=/usr/bin/diff" "-DFC_TOOL=" "-DIGRAPH_VERSION=0.10.15" "-DCROSSCOMPILING_EMULATOR=" "-P" "/home/asifuddin/hpc/stage1/bfs_mpi_path/external_libs/igraph-0.10.15/etc/cmake/run_legacy_test.cmake"
Directory: /home/asifuddin/hpc/stage1/bfs_mpi_path/external_libs/igraph-0.10.15/build/tests
"test::matrix" start time: Sep 12 13:16 EDT
Output:
----------------------------------------------------------
<end of output>
Test time =   0.02 sec
----------------------------------------------------------
Test Passed.
"test::matrix" end time: Sep 12 13:16 EDT
"test::matrix" time elapsed: 00:00:00
----------------------------------------------------------

34/571 Testing: test::matrix2
34/571 Test: test::matrix2
Command: "/usr/bin/cmake" "-DTEST_EXECUTABLE=/home/asifuddin/hpc/stage1/bfs_mpi_path/external_libs/igraph-0.10.15/build/tests/test_matrix2" "-DEXPECTED_OUTPUT_FILE=/home/asifuddin/hpc/stage1/bfs_mpi_path/external_libs/igraph-0.10.15/tests/unit/matrix2.out" "-DOBSERVED_OUTPUT_FILE=/home/asifuddin/hpc/stage1/bfs_mpi_path/external_libs/igraph-0.10.15/build/tests/test_matrix2.out" "-DDIFF_FILE=/home/asifuddin/hpc/stage1/bfs_mpi_path/external_libs/igraph-0.10.15/build/tests/test_matrix2.diff" "-DDIFF_TOOL=/usr/bin/diff" "-DFC_TOOL=" "-DIGRAPH_VERSION=0.10.15" "-DCROSSCOMPILING_EMULATOR=" "-P" "/home/asifuddin/hpc/stage1/bfs_mpi_path/external_libs/igraph-0.10.15/etc/cmake/run_legacy_test.cmake"
Directory: /home/asifuddin/hpc/stage1/bfs_mpi_path/external_libs/igraph-0.10.15/build/tests
"test::matrix2" start time: Sep 12 13:16 EDT
Output:
----------------------------------------------------------
<end of output>
Test time =   0.01 sec
----------------------------------------------------------
Test Passed.
"test::matrix2" end time: Sep 12 13:16 EDT
"test::matrix2" time elapsed: 00:00:00
----------------------------------------------------------

35/571 Testing: test::matrix3
35/571 Test: test::matrix3
Command: "/home/asifuddin/hpc/stage1/bfs_mpi_path/external_libs/igraph-0.10.15/build/tests/test_matrix3"
Directory: /home/asifuddin/hpc/stage1/bfs_mpi_path/external_libs/igraph-0.10.15/tests/unit
"test::matrix3" start time: Sep 12 13:16 EDT
Output:
----------------------------------------------------------
<end of output>
Test time =   0.00 sec
----------------------------------------------------------
Test Passed.
"test::matrix3" end time: Sep 12 13:16 EDT
"test::matrix3" time elapsed: 00:00:00
----------------------------------------------------------

36/571 Testing: test::matrix_complex
36/571 Test: test::matrix_complex
Command: "/usr/bin/cmake" "-DTEST_EXECUTABLE=/home/asifuddin/hpc/stage1/bfs_mpi_path/external_libs/igraph-0.10.15/build/tests/test_matrix_complex" "-DEXPECTED_OUTPUT_FILE=/home/asifuddin/hpc/stage1/bfs_mpi_path/external_libs/igraph-0.10.15/tests/unit/matrix_complex.out" "-DOBSERVED_OUTPUT_FILE=/home/asifuddin/hpc/stage1/bfs_mpi_path/external_libs/igraph-0.10.15/build/tests/test_matrix_complex.out" "-DDIFF_FILE=/home/asifuddin/hpc/stage1/bfs_mpi_path/external_libs/igraph-0.10.15/build/tests/test_matrix_complex.diff" "-DDIFF_TOOL=/usr/bin/diff" "-DFC_TOOL=" "-DIGRAPH_VERSION=0.10.15" "-DCROSSCOMPILING_EMULATOR=" "-P" "/home/asifuddin/hpc/stage1/bfs_mpi_path/external_libs/igraph-0.10.15/etc/cmake/run_legacy_test.cmake"
Directory: /home/asifuddin/hpc/stage1/bfs_mpi_path/external_libs/igraph-0.10.15/build/tests
"test::matrix_complex" start time: Sep 12 13:16 EDT
Output:
----------------------------------------------------------
<end of output>
Test time =   0.02 sec
----------------------------------------------------------
Test Passed.
"test::matrix_complex" end time: Sep 12 13:16 EDT
"test::matrix_complex" time elapsed: 00:00:00
----------------------------------------------------------

37/571 Testing: test::stack
37/571 Test: test::stack
Command: "/home/asifuddin/hpc/stage1/bfs_mpi_path/external_libs/igraph-0.10.15/build/tests/test_stack"
Directory: /home/asifuddin/hpc/stage1/bfs_mpi_path/external_libs/igraph-0.10.15/tests/unit
"test::stack" start time: Sep 12 13:16 EDT
Output:
----------------------------------------------------------
<end of output>
Test time =   0.00 sec
----------------------------------------------------------
Test Passed.
"test::stack" end time: Sep 12 13:16 EDT
"test::stack" time elapsed: 00:00:00
----------------------------------------------------------

38/571 Testing: test::strvector_set_len_remove_print
38/571 Test: test::strvector_set_len_remove_print
Command: "/usr/bin/cmake" "-DTEST_EXECUTABLE=/home/asifuddin/hpc/stage1/bfs_mpi_path/external_libs/igraph-0.10.15/build/tests/test_strvector_set_len_remove_print" "-DEXPECTED_OUTPUT_FILE=/home/asifuddin/hpc/stage1/bfs_mpi_path/external_libs/igraph-0.10.15/tests/unit/strvector_set_len_remove_print.out" "-DOBSERVED_OUTPUT_FILE=/home/asifuddin/hpc/stage1/bfs_mpi_path/external_libs/igraph-0.10.15/build/tests/test_strvector_set_len_remove_print.out" "-DDIFF_FILE=/home/asifuddin/hpc/stage1/bfs_mpi_path/external_libs/igraph-0.10.15/build/tests/test_strvector_set_len_remove_print.diff" "-DDIFF_TOOL=/usr/bin/diff" "-DFC_TOOL=" "-DIGRAPH_VERSION=0.10.15" "-DCROSSCOMPILING_EMULATOR=" "-P" "/home/asifuddin/hpc/stage1/bfs_mpi_path/external_libs/igraph-0.10.15/etc/cmake/run_legacy_test.cmake"
Directory: /home/asifuddin/hpc/stage1/bfs_mpi_path/external_libs/igraph-0.10.15/build/tests
"test::strvector_set_len_remove_print" start time: Sep 12 13:16 EDT
Output:
----------------------------------------------------------
<end of output>
Test time =   0.02 sec
----------------------------------------------------------
Test Passed.
"test::strvector_set_len_remove_print" end time: Sep 12 13:16 EDT
"test::strvector_set_len_remove_print" time elapsed: 00:00:00
----------------------------------------------------------

39/571 Testing: test::vector
39/571 Test: test::vector
Command: "/usr/bin/cmake" "-DTEST_EXECUTABLE=/home/asifuddin/hpc/stage1/bfs_mpi_path/external_libs/igraph-0.10.15/build/tests/test_vector" "-DEXPECTED_OUTPUT_FILE=/home/asifuddin/hpc/stage1/bfs_mpi_path/external_libs/igraph-0.10.15/tests/unit/vector.out" "-DOBSERVED_OUTPUT_FILE=/home/asifuddin/hpc/stage1/bfs_mpi_path/external_libs/igraph-0.10.15/build/tests/test_vector.out" "-DDIFF_FILE=/home/asifuddin/hpc/stage1/bfs_mpi_path/external_libs/igraph-0.10.15/build/tests/test_vector.diff" "-DDIFF_TOOL=/usr/bin/diff" "-DFC_TOOL=" "-DIGRAPH_VERSION=0.10.15" "-DCROSSCOMPILING_EMULATOR=" "-P" "/home/asifuddin/hpc/stage1/bfs_mpi_path/external_libs/igraph-0.10.15/etc/cmake/run_legacy_test.cmake"
Directory: /home/asifuddin/hpc/stage1/bfs_mpi_path/external_libs/igraph-0.10.15/build/tests
"test::vector" start time: Sep 12 13:16 EDT
Output:
----------------------------------------------------------
<end of output>
Test time =   0.02 sec
----------------------------------------------------------
Test Passed.
"test::vector" end time: Sep 12 13:16 EDT
"test::vector" time elapsed: 00:00:00
----------------------------------------------------------

40/571 Testing: test::vector2
40/571 Test: test::vector2
Command: "/usr/bin/cmake" "-DTEST_EXECUTABLE=/home/asifuddin/hpc/stage1/bfs_mpi_path/external_libs/igraph-0.10.15/build/tests/test_vector2" "-DEXPECTED_OUTPUT_FILE=/home/asifuddin/hpc/stage1/bfs_mpi_path/external_libs/igraph-0.10.15/tests/unit/vector2.out" "-DOBSERVED_OUTPUT_FILE=/home/asifuddin/hpc/stage1/bfs_mpi_path/external_libs/igraph-0.10.15/build/tests/test_vector2.out" "-DDIFF_FILE=/home/asifuddin/hpc/stage1/bfs_mpi_path/external_libs/igraph-0.10.15/build/tests/test_vector2.diff" "-DDIFF_TOOL=/usr/bin/diff" "-DFC_TOOL=" "-DIGRAPH_VERSION=0.10.15" "-DCROSSCOMPILING_EMULATOR=" "-P" "/home/asifuddin/hpc/stage1/bfs_mpi_path/external_libs/igraph-0.10.15/etc/cmake/run_legacy_test.cmake"
Directory: /home/asifuddin/hpc/stage1/bfs_mpi_path/external_libs/igraph-0.10.15/build/tests
"test::vector2" start time: Sep 12 13:16 EDT
Output:
----------------------------------------------------------
<end of output>
Test time =   0.02 sec
----------------------------------------------------------
Test Passed.
"test::vector2" end time: Sep 12 13:16 EDT
"test::vector2" time elapsed: 00:00:00
----------------------------------------------------------

41/571 Testing: test::vector3
41/571 Test: test::vector3
Command: "/home/asifuddin/hpc/stage1/bfs_mpi_path/external_libs/igraph-0.10.15/build/tests/test_vector3"
Directory: /home/asifuddin/hpc/stage1/bfs_mpi_path/external_libs/igraph-0.10.15/tests/unit
"test::vector3" start time: Sep 12 13:16 EDT
Output:
----------------------------------------------------------
<end of output>
Test time =   0.00 sec
----------------------------------------------------------
Test Passed.
"test::vector3" end time: Sep 12 13:16 EDT
"test::vector3" time elapsed: 00:00:00
----------------------------------------------------------

42/571 Testing: test::vector4
42/571 Test: test::vector4
Command: "/usr/bin/cmake" "-DTEST_EXECUTABLE=/home/asifuddin/hpc/stage1/bfs_mpi_path/external_libs/igraph-0.10.15/build/tests/test_vector4" "-DEXPECTED_OUTPUT_FILE=/home/asifuddin/hpc/stage1/bfs_mpi_path/external_libs/igraph-0.10.15/tests/unit/vector4.out" "-DOBSERVED_OUTPUT_FILE=/home/asifuddin/hpc/stage1/bfs_mpi_path/external_libs/igraph-0.10.15/build/tests/test_vector4.out" "-DDIFF_FILE=/home/asifuddin/hpc/stage1/bfs_mpi_path/external_libs/igraph-0.10.15/build/tests/test_vector4.diff" "-DDIFF_TOOL=/usr/bin/diff" "-DFC_TOOL=" "-DIGRAPH_VERSION=0.10.15" "-DCROSSCOMPILING_EMULATOR=" "-P" "/home/asifuddin/hpc/stage1/bfs_mpi_path/external_libs/igraph-0.10.15/etc/cmake/run_legacy_test.cmake"
Directory: /home/asifuddin/hpc/stage1/bfs_mpi_path/external_libs/igraph-0.10.15/build/tests
"test::vector4" start time: Sep 12 13:16 EDT
Output:
----------------------------------------------------------
<end of output>
Test time =   0.02 sec
----------------------------------------------------------
Test Passed.
"test::vector4" end time: Sep 12 13:16 EDT
"test::vector4" time elapsed: 00:00:00
----------------------------------------------------------

43/571 Testing: test::vector_list
43/571 Test: test::vector_list
Command: "/usr/bin/cmake" "-DTEST_EXECUTABLE=/home/asifuddin/hpc/stage1/bfs_mpi_path/external_libs/igraph-0.10.15/build/tests/test_vector_list" "-DEXPECTED_OUTPUT_FILE=/home/asifuddin/hpc/stage1/bfs_mpi_path/external_libs/igraph-0.10.15/tests/unit/vector_list.out" "-DOBSERVED_OUTPUT_FILE=/home/asifuddin/hpc/stage1/bfs_mpi_path/external_libs/igraph-0.10.15/build/tests/test_vector_list.out" "-DDIFF_FILE=/home/asifuddin/hpc/stage1/bfs_mpi_path/external_libs/igraph-0.10.15/build/tests/test_vector_list.diff" "-DDIFF_TOOL=/usr/bin/diff" "-DFC_TOOL=" "-DIGRAPH_VERSION=0.10.15" "-DCROSSCOMPILING_EMULATOR=" "-P" "/home/asifuddin/hpc/stage1/bfs_mpi_path/external_libs/igraph-0.10.15/etc/cmake/run_legacy_test.cmake"
Directory: /home/asifuddin/hpc/stage1/bfs_mpi_path/external_libs/igraph-0.10.15/build/tests
"test::vector_list" start time: Sep 12 13:16 EDT
Output:
----------------------------------------------------------
<end of output>
Test time =   0.02 sec
----------------------------------------------------------
Test Passed.
"test::vector_list" end time: Sep 12 13:16 EDT
"test::vector_list" time elapsed: 00:00:00
----------------------------------------------------------

44/571 Testing: test::vector_ptr
44/571 Test: test::vector_ptr
Command: "/home/asifuddin/hpc/stage1/bfs_mpi_path/external_libs/igraph-0.10.15/build/tests/test_vector_ptr"
Directory: /home/asifuddin/hpc/stage1/bfs_mpi_path/external_libs/igraph-0.10.15/tests/unit
"test::vector_ptr" start time: Sep 12 13:16 EDT
Output:
----------------------------------------------------------
<end of output>
Test time =   0.00 sec
----------------------------------------------------------
Test Passed.
"test::vector_ptr" end time: Sep 12 13:16 EDT
"test::vector_ptr" time elapsed: 00:00:00
----------------------------------------------------------

45/571 Testing: test::vector_ptr_sort_ind
45/571 Test: test::vector_ptr_sort_ind
Command: "/home/asifuddin/hpc/stage1/bfs_mpi_path/external_libs/igraph-0.10.15/build/tests/test_vector_ptr_sort_ind"
Directory: /home/asifuddin/hpc/stage1/bfs_mpi_path/external_libs/igraph-0.10.15/tests/unit
"test::vector_ptr_sort_ind" start time: Sep 12 13:16 EDT
Output:
----------------------------------------------------------
( )
( 2 8 6 0 9 1 5 3 7 4 )
( 0 )
( 1 )
( 2 )
( 3 )
( 4 )
( 5 )
( 6 )
( 7 )
( 8 )
( 9 )
<end of output>
Test time =   0.00 sec
----------------------------------------------------------
Test Passed.
"test::vector_ptr_sort_ind" end time: Sep 12 13:16 EDT
"test::vector_ptr_sort_ind" time elapsed: 00:00:00
----------------------------------------------------------

46/571 Testing: test::vector_sort_ind
46/571 Test: test::vector_sort_ind
Command: "/usr/bin/cmake" "-DTEST_EXECUTABLE=/home/asifuddin/hpc/stage1/bfs_mpi_path/external_libs/igraph-0.10.15/build/tests/test_vector_sort_ind" "-DEXPECTED_OUTPUT_FILE=/home/asifuddin/hpc/stage1/bfs_mpi_path/external_libs/igraph-0.10.15/tests/unit/vector_sort_ind.out" "-DOBSERVED_OUTPUT_FILE=/home/asifuddin/hpc/stage1/bfs_mpi_path/external_libs/igraph-0.10.15/build/tests/test_vector_sort_ind.out" "-DDIFF_FILE=/home/asifuddin/hpc/stage1/bfs_mpi_path/external_libs/igraph-0.10.15/build/tests/test_vector_sort_ind.diff" "-DDIFF_TOOL=/usr/bin/diff" "-DFC_TOOL=" "-DIGRAPH_VERSION=0.10.15" "-DCROSSCOMPILING_EMULATOR=" "-P" "/home/asifuddin/hpc/stage1/bfs_mpi_path/external_libs/igraph-0.10.15/etc/cmake/run_legacy_test.cmake"
Directory: /home/asifuddin/hpc/stage1/bfs_mpi_path/external_libs/igraph-0.10.15/build/tests
"test::vector_sort_ind" start time: Sep 12 13:16 EDT
Output:
----------------------------------------------------------
<end of output>
Test time =   0.02 sec
----------------------------------------------------------
Test Passed.
"test::vector_sort_ind" end time: Sep 12 13:16 EDT
"test::vector_sort_ind" time elapsed: 00:00:00
----------------------------------------------------------

47/571 Testing: test::igraph_sparsemat2
47/571 Test: test::igraph_sparsemat2
Command: "/usr/bin/cmake" "-DTEST_EXECUTABLE=/home/asifuddin/hpc/stage1/bfs_mpi_path/external_libs/igraph-0.10.15/build/tests/test_igraph_sparsemat2" "-DEXPECTED_OUTPUT_FILE=/home/asifuddin/hpc/stage1/bfs_mpi_path/external_libs/igraph-0.10.15/tests/unit/igraph_sparsemat2.out" "-DOBSERVED_OUTPUT_FILE=/home/asifuddin/hpc/stage1/bfs_mpi_path/external_libs/igraph-0.10.15/build/tests/test_igraph_sparsemat2.out" "-DDIFF_FILE=/home/asifuddin/hpc/stage1/bfs_mpi_path/external_libs/igraph-0.10.15/build/tests/test_igraph_sparsemat2.diff" "-DDIFF_TOOL=/usr/bin/diff" "-DFC_TOOL=" "-DIGRAPH_VERSION=0.10.15" "-DCROSSCOMPILING_EMULATOR=" "-P" "/home/asifuddin/hpc/stage1/bfs_mpi_path/external_libs/igraph-0.10.15/etc/cmake/run_legacy_test.cmake"
Directory: /home/asifuddin/hpc/stage1/bfs_mpi_path/external_libs/igraph-0.10.15/build/tests
"test::igraph_sparsemat2" start time: Sep 12 13:16 EDT
Output:
----------------------------------------------------------
<end of output>
Test time =   0.02 sec
----------------------------------------------------------
Test Passed.
"test::igraph_sparsemat2" end time: Sep 12 13:16 EDT
"test::igraph_sparsemat2" time elapsed: 00:00:00
----------------------------------------------------------

48/571 Testing: test::2wheap
48/571 Test: test::2wheap
Command: "/home/asifuddin/hpc/stage1/bfs_mpi_path/external_libs/igraph-0.10.15/build/tests/test_2wheap"
Directory: /home/asifuddin/hpc/stage1/bfs_mpi_path/external_libs/igraph-0.10.15/tests/unit
"test::2wheap" start time: Sep 12 13:16 EDT
Output:
----------------------------------------------------------
<end of output>
Test time =   0.00 sec
----------------------------------------------------------
Test Passed.
"test::2wheap" end time: Sep 12 13:16 EDT
"test::2wheap" time elapsed: 00:00:00
----------------------------------------------------------

49/571 Testing: test::cutheap
49/571 Test: test::cutheap
Command: "/usr/bin/cmake" "-DTEST_EXECUTABLE=/home/asifuddin/hpc/stage1/bfs_mpi_path/external_libs/igraph-0.10.15/build/tests/test_cutheap" "-DEXPECTED_OUTPUT_FILE=/home/asifuddin/hpc/stage1/bfs_mpi_path/external_libs/igraph-0.10.15/tests/unit/cutheap.out" "-DOBSERVED_OUTPUT_FILE=/home/asifuddin/hpc/stage1/bfs_mpi_path/external_libs/igraph-0.10.15/build/tests/test_cutheap.out" "-DDIFF_FILE=/home/asifuddin/hpc/stage1/bfs_mpi_path/external_libs/igraph-0.10.15/build/tests/test_cutheap.diff" "-DDIFF_TOOL=/usr/bin/diff" "-DFC_TOOL=" "-DIGRAPH_VERSION=0.10.15" "-DCROSSCOMPILING_EMULATOR=" "-P" "/home/asifuddin/hpc/stage1/bfs_mpi_path/external_libs/igraph-0.10.15/etc/cmake/run_legacy_test.cmake"
Directory: /home/asifuddin/hpc/stage1/bfs_mpi_path/external_libs/igraph-0.10.15/build/tests
"test::cutheap" start time: Sep 12 13:16 EDT
Output:
----------------------------------------------------------
<end of output>
Test time =   0.02 sec
----------------------------------------------------------
Test Passed.
"test::cutheap" end time: Sep 12 13:16 EDT
"test::cutheap" time elapsed: 00:00:00
----------------------------------------------------------

50/571 Testing: test::d_indheap
50/571 Test: test::d_indheap
Command: "/usr/bin/cmake" "-DTEST_EXECUTABLE=/home/asifuddin/hpc/stage1/bfs_mpi_path/external_libs/igraph-0.10.15/build/tests/test_d_indheap" "-DEXPECTED_OUTPUT_FILE=/home/asifuddin/hpc/stage1/bfs_mpi_path/external_libs/igraph-0.10.15/tests/unit/d_indheap.out" "-DOBSERVED_OUTPUT_FILE=/home/asifuddin/hpc/stage1/bfs_mpi_path/external_libs/igraph-0.10.15/build/tests/test_d_indheap.out" "-DDIFF_FILE=/home/asifuddin/hpc/stage1/bfs_mpi_path/external_libs/igraph-0.10.15/build/tests/test_d_indheap.diff" "-DDIFF_TOOL=/usr/bin/diff" "-DFC_TOOL=" "-DIGRAPH_VERSION=0.10.15" "-DCROSSCOMPILING_EMULATOR=" "-P" "/home/asifuddin/hpc/stage1/bfs_mpi_path/external_libs/igraph-0.10.15/etc/cmake/run_legacy_test.cmake"
Directory: /home/asifuddin/hpc/stage1/bfs_mpi_path/external_libs/igraph-0.10.15/build/tests
"test::d_indheap" start time: Sep 12 13:16 EDT
Output:
----------------------------------------------------------
<end of output>
Test time =   0.02 sec
----------------------------------------------------------
Test Passed.
"test::d_indheap" end time: Sep 12 13:16 EDT
"test::d_indheap" time elapsed: 00:00:00
----------------------------------------------------------

51/571 Testing: test::marked_queue
51/571 Test: test::marked_queue
Command: "/home/asifuddin/hpc/stage1/bfs_mpi_path/external_libs/igraph-0.10.15/build/tests/test_marked_queue"
Directory: /home/asifuddin/hpc/stage1/bfs_mpi_path/external_libs/igraph-0.10.15/tests/unit
"test::marked_queue" start time: Sep 12 13:16 EDT
Output:
----------------------------------------------------------
<end of output>
Test time =   0.00 sec
----------------------------------------------------------
Test Passed.
"test::marked_queue" end time: Sep 12 13:16 EDT
"test::marked_queue" time elapsed: 00:00:00
----------------------------------------------------------

52/571 Testing: test::gen2wheap
52/571 Test: test::gen2wheap
Command: "/usr/bin/cmake" "-DTEST_EXECUTABLE=/home/asifuddin/hpc/stage1/bfs_mpi_path/external_libs/igraph-0.10.15/build/tests/test_gen2wheap" "-DEXPECTED_OUTPUT_FILE=/home/asifuddin/hpc/stage1/bfs_mpi_path/external_libs/igraph-0.10.15/tests/unit/gen2wheap.out" "-DOBSERVED_OUTPUT_FILE=/home/asifuddin/hpc/stage1/bfs_mpi_path/external_libs/igraph-0.10.15/build/tests/test_gen2wheap.out" "-DDIFF_FILE=/home/asifuddin/hpc/stage1/bfs_mpi_path/external_libs/igraph-0.10.15/build/tests/test_gen2wheap.diff" "-DDIFF_TOOL=/usr/bin/diff" "-DFC_TOOL=" "-DIGRAPH_VERSION=0.10.15" "-DCROSSCOMPILING_EMULATOR=" "-P" "/home/asifuddin/hpc/stage1/bfs_mpi_path/external_libs/igraph-0.10.15/etc/cmake/run_legacy_test.cmake"
Directory: /home/asifuddin/hpc/stage1/bfs_mpi_path/external_libs/igraph-0.10.15/build/tests
"test::gen2wheap" start time: Sep 12 13:16 EDT
Output:
----------------------------------------------------------
<end of output>
Test time =   0.02 sec
----------------------------------------------------------
Test Passed.
"test::gen2wheap" end time: Sep 12 13:16 EDT
"test::gen2wheap" time elapsed: 00:00:00
----------------------------------------------------------

53/571 Testing: test::set
53/571 Test: test::set
Command: "/usr/bin/cmake" "-DTEST_EXECUTABLE=/home/asifuddin/hpc/stage1/bfs_mpi_path/external_libs/igraph-0.10.15/build/tests/test_set" "-DEXPECTED_OUTPUT_FILE=/home/asifuddin/hpc/stage1/bfs_mpi_path/external_libs/igraph-0.10.15/tests/unit/set.out" "-DOBSERVED_OUTPUT_FILE=/home/asifuddin/hpc/stage1/bfs_mpi_path/external_libs/igraph-0.10.15/build/tests/test_set.out" "-DDIFF_FILE=/home/asifuddin/hpc/stage1/bfs_mpi_path/external_libs/igraph-0.10.15/build/tests/test_set.diff" "-DDIFF_TOOL=/usr/bin/diff" "-DFC_TOOL=" "-DIGRAPH_VERSION=0.10.15" "-DCROSSCOMPILING_EMULATOR=" "-P" "/home/asifuddin/hpc/stage1/bfs_mpi_path/external_libs/igraph-0.10.15/etc/cmake/run_legacy_test.cmake"
Directory: /home/asifuddin/hpc/stage1/bfs_mpi_path/external_libs/igraph-0.10.15/build/tests
"test::set" start time: Sep 12 13:16 EDT
Output:
----------------------------------------------------------
<end of output>
Test time =   0.02 sec
----------------------------------------------------------
Test Passed.
"test::set" end time: Sep 12 13:16 EDT
"test::set" time elapsed: 00:00:00
----------------------------------------------------------

54/571 Testing: test::trie
54/571 Test: test::trie
Command: "/usr/bin/cmake" "-DTEST_EXECUTABLE=/home/asifuddin/hpc/stage1/bfs_mpi_path/external_libs/igraph-0.10.15/build/tests/test_trie" "-DEXPECTED_OUTPUT_FILE=/home/asifuddin/hpc/stage1/bfs_mpi_path/external_libs/igraph-0.10.15/tests/unit/trie.out" "-DOBSERVED_OUTPUT_FILE=/home/asifuddin/hpc/stage1/bfs_mpi_path/external_libs/igraph-0.10.15/build/tests/test_trie.out" "-DDIFF_FILE=/home/asifuddin/hpc/stage1/bfs_mpi_path/external_libs/igraph-0.10.15/build/tests/test_trie.diff" "-DDIFF_TOOL=/usr/bin/diff" "-DFC_TOOL=" "-DIGRAPH_VERSION=0.10.15" "-DCROSSCOMPILING_EMULATOR=" "-P" "/home/asifuddin/hpc/stage1/bfs_mpi_path/external_libs/igraph-0.10.15/etc/cmake/run_legacy_test.cmake"
Directory: /home/asifuddin/hpc/stage1/bfs_mpi_path/external_libs/igraph-0.10.15/build/tests
"test::trie" start time: Sep 12 13:16 EDT
Output:
----------------------------------------------------------
<end of output>
Test time =   0.02 sec
----------------------------------------------------------
Test Passed.
"test::trie" end time: Sep 12 13:16 EDT
"test::trie" time elapsed: 00:00:00
----------------------------------------------------------

55/571 Testing: example::creation
55/571 Test: example::creation
Command: "/home/asifuddin/hpc/stage1/bfs_mpi_path/external_libs/igraph-0.10.15/build/tests/example_creation"
Directory: /home/asifuddin/hpc/stage1/bfs_mpi_path/external_libs/igraph-0.10.15/examples/simple
"example::creation" start time: Sep 12 13:16 EDT
Output:
----------------------------------------------------------
<end of output>
Test time =   0.00 sec
----------------------------------------------------------
Test Passed.
"example::creation" end time: Sep 12 13:16 EDT
"example::creation" time elapsed: 00:00:00
----------------------------------------------------------

56/571 Testing: example::igraph_copy
56/571 Test: example::igraph_copy
Command: "/home/asifuddin/hpc/stage1/bfs_mpi_path/external_libs/igraph-0.10.15/build/tests/example_igraph_copy"
Directory: /home/asifuddin/hpc/stage1/bfs_mpi_path/external_libs/igraph-0.10.15/examples/simple
"example::igraph_copy" start time: Sep 12 13:16 EDT
Output:
----------------------------------------------------------
<end of output>
Test time =   0.00 sec
----------------------------------------------------------
Test Passed.
"example::igraph_copy" end time: Sep 12 13:16 EDT
"example::igraph_copy" time elapsed: 00:00:00
----------------------------------------------------------

57/571 Testing: example::igraph_degree
57/571 Test: example::igraph_degree
Command: "/usr/bin/cmake" "-DTEST_EXECUTABLE=/home/asifuddin/hpc/stage1/bfs_mpi_path/external_libs/igraph-0.10.15/build/tests/example_igraph_degree" "-DEXPECTED_OUTPUT_FILE=/home/asifuddin/hpc/stage1/bfs_mpi_path/external_libs/igraph-0.10.15/examples/simple/igraph_degree.out" "-DOBSERVED_OUTPUT_FILE=/home/asifuddin/hpc/stage1/bfs_mpi_path/external_libs/igraph-0.10.15/build/tests/example_igraph_degree.out" "-DDIFF_FILE=/home/asifuddin/hpc/stage1/bfs_mpi_path/external_libs/igraph-0.10.15/build/tests/example_igraph_degree.diff" "-DDIFF_TOOL=/usr/bin/diff" "-DFC_TOOL=" "-DIGRAPH_VERSION=0.10.15" "-DCROSSCOMPILING_EMULATOR=" "-P" "/home/asifuddin/hpc/stage1/bfs_mpi_path/external_libs/igraph-0.10.15/etc/cmake/run_legacy_test.cmake"
Directory: /home/asifuddin/hpc/stage1/bfs_mpi_path/external_libs/igraph-0.10.15/build/tests
"example::igraph_degree" start time: Sep 12 13:16 EDT
Output:
----------------------------------------------------------
<end of output>
Test time =   0.02 sec
----------------------------------------------------------
Test Passed.
"example::igraph_degree" end time: Sep 12 13:16 EDT
"example::igraph_degree" time elapsed: 00:00:00
----------------------------------------------------------

58/571 Testing: example::igraph_delete_edges
58/571 Test: example::igraph_delete_edges
Command: "/home/asifuddin/hpc/stage1/bfs_mpi_path/external_libs/igraph-0.10.15/build/tests/example_igraph_delete_edges"
Directory: /home/asifuddin/hpc/stage1/bfs_mpi_path/external_libs/igraph-0.10.15/examples/simple
"example::igraph_delete_edges" start time: Sep 12 13:16 EDT
Output:
----------------------------------------------------------
<end of output>
Test time =   0.00 sec
----------------------------------------------------------
Test Passed.
"example::igraph_delete_edges" end time: Sep 12 13:16 EDT
"example::igraph_delete_edges" time elapsed: 00:00:00
----------------------------------------------------------

59/571 Testing: example::igraph_delete_vertices
59/571 Test: example::igraph_delete_vertices
Command: "/home/asifuddin/hpc/stage1/bfs_mpi_path/external_libs/igraph-0.10.15/build/tests/example_igraph_delete_vertices"
Directory: /home/asifuddin/hpc/stage1/bfs_mpi_path/external_libs/igraph-0.10.15/examples/simple
"example::igraph_delete_vertices" start time: Sep 12 13:16 EDT
Output:
----------------------------------------------------------
<end of output>
Test time =   0.00 sec
----------------------------------------------------------
Test Passed.
"example::igraph_delete_vertices" end time: Sep 12 13:16 EDT
"example::igraph_delete_vertices" time elapsed: 00:00:00
----------------------------------------------------------

60/571 Testing: example::igraph_get_eid
60/571 Test: example::igraph_get_eid
Command: "/usr/bin/cmake" "-DTEST_EXECUTABLE=/home/asifuddin/hpc/stage1/bfs_mpi_path/external_libs/igraph-0.10.15/build/tests/example_igraph_get_eid" "-DEXPECTED_OUTPUT_FILE=/home/asifuddin/hpc/stage1/bfs_mpi_path/external_libs/igraph-0.10.15/examples/simple/igraph_get_eid.out" "-DOBSERVED_OUTPUT_FILE=/home/asifuddin/hpc/stage1/bfs_mpi_path/external_libs/igraph-0.10.15/build/tests/example_igraph_get_eid.out" "-DDIFF_FILE=/home/asifuddin/hpc/stage1/bfs_mpi_path/external_libs/igraph-0.10.15/build/tests/example_igraph_get_eid.diff" "-DDIFF_TOOL=/usr/bin/diff" "-DFC_TOOL=" "-DIGRAPH_VERSION=0.10.15" "-DCROSSCOMPILING_EMULATOR=" "-P" "/home/asifuddin/hpc/stage1/bfs_mpi_path/external_libs/igraph-0.10.15/etc/cmake/run_legacy_test.cmake"
Directory: /home/asifuddin/hpc/stage1/bfs_mpi_path/external_libs/igraph-0.10.15/build/tests
"example::igraph_get_eid" start time: Sep 12 13:16 EDT
Output:
----------------------------------------------------------
<end of output>
Test time =   0.02 sec
----------------------------------------------------------
Test Passed.
"example::igraph_get_eid" end time: Sep 12 13:16 EDT
"example::igraph_get_eid" time elapsed: 00:00:00
----------------------------------------------------------

61/571 Testing: example::igraph_get_eids
61/571 Test: example::igraph_get_eids
Command: "/home/asifuddin/hpc/stage1/bfs_mpi_path/external_libs/igraph-0.10.15/build/tests/example_igraph_get_eids"
Directory: /home/asifuddin/hpc/stage1/bfs_mpi_path/external_libs/igraph-0.10.15/examples/simple
"example::igraph_get_eids" start time: Sep 12 13:16 EDT
Output:
----------------------------------------------------------
<end of output>
Test time =   0.01 sec
----------------------------------------------------------
Test Passed.
"example::igraph_get_eids" end time: Sep 12 13:16 EDT
"example::igraph_get_eids" time elapsed: 00:00:00
----------------------------------------------------------

62/571 Testing: example::igraph_is_directed
62/571 Test: example::igraph_is_directed
Command: "/home/asifuddin/hpc/stage1/bfs_mpi_path/external_libs/igraph-0.10.15/build/tests/example_igraph_is_directed"
Directory: /home/asifuddin/hpc/stage1/bfs_mpi_path/external_libs/igraph-0.10.15/examples/simple
"example::igraph_is_directed" start time: Sep 12 13:16 EDT
Output:
----------------------------------------------------------
<end of output>
Test time =   0.00 sec
----------------------------------------------------------
Test Passed.
"example::igraph_is_directed" end time: Sep 12 13:16 EDT
"example::igraph_is_directed" time elapsed: 00:00:00
----------------------------------------------------------

63/571 Testing: example::igraph_neighbors
63/571 Test: example::igraph_neighbors
Command: "/usr/bin/cmake" "-DTEST_EXECUTABLE=/home/asifuddin/hpc/stage1/bfs_mpi_path/external_libs/igraph-0.10.15/build/tests/example_igraph_neighbors" "-DEXPECTED_OUTPUT_FILE=/home/asifuddin/hpc/stage1/bfs_mpi_path/external_libs/igraph-0.10.15/examples/simple/igraph_neighbors.out" "-DOBSERVED_OUTPUT_FILE=/home/asifuddin/hpc/stage1/bfs_mpi_path/external_libs/igraph-0.10.15/build/tests/example_igraph_neighbors.out" "-DDIFF_FILE=/home/asifuddin/hpc/stage1/bfs_mpi_path/external_libs/igraph-0.10.15/build/tests/example_igraph_neighbors.diff" "-DDIFF_TOOL=/usr/bin/diff" "-DFC_TOOL=" "-DIGRAPH_VERSION=0.10.15" "-DCROSSCOMPILING_EMULATOR=" "-P" "/home/asifuddin/hpc/stage1/bfs_mpi_path/external_libs/igraph-0.10.15/etc/cmake/run_legacy_test.cmake"
Directory: /home/asifuddin/hpc/stage1/bfs_mpi_path/external_libs/igraph-0.10.15/build/tests
"example::igraph_neighbors" start time: Sep 12 13:16 EDT
Output:
----------------------------------------------------------
<end of output>
Test time =   0.02 sec
----------------------------------------------------------
Test Passed.
"example::igraph_neighbors" end time: Sep 12 13:16 EDT
"example::igraph_neighbors" time elapsed: 00:00:00
----------------------------------------------------------

64/571 Testing: test::adj
64/571 Test: test::adj
Command: "/usr/bin/cmake" "-DTEST_EXECUTABLE=/home/asifuddin/hpc/stage1/bfs_mpi_path/external_libs/igraph-0.10.15/build/tests/test_adj" "-DEXPECTED_OUTPUT_FILE=/home/asifuddin/hpc/stage1/bfs_mpi_path/external_libs/igraph-0.10.15/tests/unit/adj.out" "-DOBSERVED_OUTPUT_FILE=/home/asifuddin/hpc/stage1/bfs_mpi_path/external_libs/igraph-0.10.15/build/tests/test_adj.out" "-DDIFF_FILE=/home/asifuddin/hpc/stage1/bfs_mpi_path/external_libs/igraph-0.10.15/build/tests/test_adj.diff" "-DDIFF_TOOL=/usr/bin/diff" "-DFC_TOOL=" "-DIGRAPH_VERSION=0.10.15" "-DCROSSCOMPILING_EMULATOR=" "-P" "/home/asifuddin/hpc/stage1/bfs_mpi_path/external_libs/igraph-0.10.15/etc/cmake/run_legacy_test.cmake"
Directory: /home/asifuddin/hpc/stage1/bfs_mpi_path/external_libs/igraph-0.10.15/build/tests
"test::adj" start time: Sep 12 13:16 EDT
Output:
----------------------------------------------------------
<end of output>
Test time =   0.02 sec
----------------------------------------------------------
Test Passed.
"test::adj" end time: Sep 12 13:16 EDT
"test::adj" time elapsed: 00:00:00
----------------------------------------------------------

65/571 Testing: test::igraph_add_edges
65/571 Test: test::igraph_add_edges
Command: "/usr/bin/cmake" "-DTEST_EXECUTABLE=/home/asifuddin/hpc/stage1/bfs_mpi_path/external_libs/igraph-0.10.15/build/tests/test_igraph_add_edges" "-DEXPECTED_OUTPUT_FILE=/home/asifuddin/hpc/stage1/bfs_mpi_path/external_libs/igraph-0.10.15/tests/unit/igraph_add_edges.out" "-DOBSERVED_OUTPUT_FILE=/home/asifuddin/hpc/stage1/bfs_mpi_path/external_libs/igraph-0.10.15/build/tests/test_igraph_add_edges.out" "-DDIFF_FILE=/home/asifuddin/hpc/stage1/bfs_mpi_path/external_libs/igraph-0.10.15/build/tests/test_igraph_add_edges.diff" "-DDIFF_TOOL=/usr/bin/diff" "-DFC_TOOL=" "-DIGRAPH_VERSION=0.10.15" "-DCROSSCOMPILING_EMULATOR=" "-P" "/home/asifuddin/hpc/stage1/bfs_mpi_path/external_libs/igraph-0.10.15/etc/cmake/run_legacy_test.cmake"
Directory: /home/asifuddin/hpc/stage1/bfs_mpi_path/external_libs/igraph-0.10.15/build/tests
"test::igraph_add_edges" start time: Sep 12 13:16 EDT
Output:
----------------------------------------------------------
<end of output>
Test time =   0.02 sec
----------------------------------------------------------
Test Passed.
"test::igraph_add_edges" end time: Sep 12 13:16 EDT
"test::igraph_add_edges" time elapsed: 00:00:00
----------------------------------------------------------

66/571 Testing: test::igraph_add_vertices
66/571 Test: test::igraph_add_vertices
Command: "/home/asifuddin/hpc/stage1/bfs_mpi_path/external_libs/igraph-0.10.15/build/tests/test_igraph_add_vertices"
Directory: /home/asifuddin/hpc/stage1/bfs_mpi_path/external_libs/igraph-0.10.15/tests/unit
"test::igraph_add_vertices" start time: Sep 12 13:16 EDT
Output:
----------------------------------------------------------
<end of output>
Test time =   0.00 sec
----------------------------------------------------------
Test Passed.
"test::igraph_add_vertices" end time: Sep 12 13:16 EDT
"test::igraph_add_vertices" time elapsed: 00:00:00
----------------------------------------------------------

67/571 Testing: test::igraph_degree
67/571 Test: test::igraph_degree
Command: "/usr/bin/cmake" "-DTEST_EXECUTABLE=/home/asifuddin/hpc/stage1/bfs_mpi_path/external_libs/igraph-0.10.15/build/tests/test_igraph_degree" "-DEXPECTED_OUTPUT_FILE=/home/asifuddin/hpc/stage1/bfs_mpi_path/external_libs/igraph-0.10.15/tests/unit/igraph_degree.out" "-DOBSERVED_OUTPUT_FILE=/home/asifuddin/hpc/stage1/bfs_mpi_path/external_libs/igraph-0.10.15/build/tests/test_igraph_degree.out" "-DDIFF_FILE=/home/asifuddin/hpc/stage1/bfs_mpi_path/external_libs/igraph-0.10.15/build/tests/test_igraph_degree.diff" "-DDIFF_TOOL=/usr/bin/diff" "-DFC_TOOL=" "-DIGRAPH_VERSION=0.10.15" "-DCROSSCOMPILING_EMULATOR=" "-P" "/home/asifuddin/hpc/stage1/bfs_mpi_path/external_libs/igraph-0.10.15/etc/cmake/run_legacy_test.cmake"
Directory: /home/asifuddin/hpc/stage1/bfs_mpi_path/external_libs/igraph-0.10.15/build/tests
"test::igraph_degree" start time: Sep 12 13:16 EDT
Output:
----------------------------------------------------------
<end of output>
Test time =   0.02 sec
----------------------------------------------------------
Test Passed.
"test::igraph_degree" end time: Sep 12 13:16 EDT
"test::igraph_degree" time elapsed: 00:00:00
----------------------------------------------------------

68/571 Testing: test::igraph_delete_edges
68/571 Test: test::igraph_delete_edges
Command: "/home/asifuddin/hpc/stage1/bfs_mpi_path/external_libs/igraph-0.10.15/build/tests/test_igraph_delete_edges"
Directory: /home/asifuddin/hpc/stage1/bfs_mpi_path/external_libs/igraph-0.10.15/tests/unit
"test::igraph_delete_edges" start time: Sep 12 13:16 EDT
Output:
----------------------------------------------------------
<end of output>
Test time =   0.00 sec
----------------------------------------------------------
Test Passed.
"test::igraph_delete_edges" end time: Sep 12 13:16 EDT
"test::igraph_delete_edges" time elapsed: 00:00:00
----------------------------------------------------------

69/571 Testing: test::igraph_delete_vertices
69/571 Test: test::igraph_delete_vertices
Command: "/home/asifuddin/hpc/stage1/bfs_mpi_path/external_libs/igraph-0.10.15/build/tests/test_igraph_delete_vertices"
Directory: /home/asifuddin/hpc/stage1/bfs_mpi_path/external_libs/igraph-0.10.15/tests/unit
"test::igraph_delete_vertices" start time: Sep 12 13:16 EDT
Output:
----------------------------------------------------------
<end of output>
Test time =   0.00 sec
----------------------------------------------------------
Test Passed.
"test::igraph_delete_vertices" end time: Sep 12 13:16 EDT
"test::igraph_delete_vertices" time elapsed: 00:00:00
----------------------------------------------------------

70/571 Testing: test::igraph_edges
70/571 Test: test::igraph_edges
Command: "/usr/bin/cmake" "-DTEST_EXECUTABLE=/home/asifuddin/hpc/stage1/bfs_mpi_path/external_libs/igraph-0.10.15/build/tests/test_igraph_edges" "-DEXPECTED_OUTPUT_FILE=/home/asifuddin/hpc/stage1/bfs_mpi_path/external_libs/igraph-0.10.15/tests/unit/igraph_edges.out" "-DOBSERVED_OUTPUT_FILE=/home/asifuddin/hpc/stage1/bfs_mpi_path/external_libs/igraph-0.10.15/build/tests/test_igraph_edges.out" "-DDIFF_FILE=/home/asifuddin/hpc/stage1/bfs_mpi_path/external_libs/igraph-0.10.15/build/tests/test_igraph_edges.diff" "-DDIFF_TOOL=/usr/bin/diff" "-DFC_TOOL=" "-DIGRAPH_VERSION=0.10.15" "-DCROSSCOMPILING_EMULATOR=" "-P" "/home/asifuddin/hpc/stage1/bfs_mpi_path/external_libs/igraph-0.10.15/etc/cmake/run_legacy_test.cmake"
Directory: /home/asifuddin/hpc/stage1/bfs_mpi_path/external_libs/igraph-0.10.15/build/tests
"test::igraph_edges" start time: Sep 12 13:16 EDT
Output:
----------------------------------------------------------
<end of output>
Test time =   0.02 sec
----------------------------------------------------------
Test Passed.
"test::igraph_edges" end time: Sep 12 13:16 EDT
"test::igraph_edges" time elapsed: 00:00:00
----------------------------------------------------------

71/571 Testing: test::igraph_empty
71/571 Test: test::igraph_empty
Command: "/home/asifuddin/hpc/stage1/bfs_mpi_path/external_libs/igraph-0.10.15/build/tests/test_igraph_empty"
Directory: /home/asifuddin/hpc/stage1/bfs_mpi_path/external_libs/igraph-0.10.15/tests/unit
"test::igraph_empty" start time: Sep 12 13:16 EDT
Output:
----------------------------------------------------------
<end of output>
Test time =   0.00 sec
----------------------------------------------------------
Test Passed.
"test::igraph_empty" end time: Sep 12 13:16 EDT
"test::igraph_empty" time elapsed: 00:00:00
----------------------------------------------------------

72/571 Testing: test::igraph_get_eid
72/571 Test: test::igraph_get_eid
Command: "/home/asifuddin/hpc/stage1/bfs_mpi_path/external_libs/igraph-0.10.15/build/tests/test_igraph_get_eid"
Directory: /home/asifuddin/hpc/stage1/bfs_mpi_path/external_libs/igraph-0.10.15/tests/unit
"test::igraph_get_eid" start time: Sep 12 13:16 EDT
Output:
----------------------------------------------------------
<end of output>
Test time =   0.00 sec
----------------------------------------------------------
Test Passed.
"test::igraph_get_eid" end time: Sep 12 13:16 EDT
"test::igraph_get_eid" time elapsed: 00:00:00
----------------------------------------------------------

73/571 Testing: test::igraph_is_same_graph
73/571 Test: test::igraph_is_same_graph
Command: "/home/asifuddin/hpc/stage1/bfs_mpi_path/external_libs/igraph-0.10.15/build/tests/test_igraph_is_same_graph"
Directory: /home/asifuddin/hpc/stage1/bfs_mpi_path/external_libs/igraph-0.10.15/tests/unit
"test::igraph_is_same_graph" start time: Sep 12 13:16 EDT
Output:
----------------------------------------------------------
<end of output>
Test time =   0.00 sec
----------------------------------------------------------
Test Passed.
"test::igraph_is_same_graph" end time: Sep 12 13:16 EDT
"test::igraph_is_same_graph" time elapsed: 00:00:00
----------------------------------------------------------

74/571 Testing: test::igraph_i_incident
74/571 Test: test::igraph_i_incident
Command: "/usr/bin/cmake" "-DTEST_EXECUTABLE=/home/asifuddin/hpc/stage1/bfs_mpi_path/external_libs/igraph-0.10.15/build/tests/test_igraph_i_incident" "-DEXPECTED_OUTPUT_FILE=/home/asifuddin/hpc/stage1/bfs_mpi_path/external_libs/igraph-0.10.15/tests/unit/igraph_i_incident.out" "-DOBSERVED_OUTPUT_FILE=/home/asifuddin/hpc/stage1/bfs_mpi_path/external_libs/igraph-0.10.15/build/tests/test_igraph_i_incident.out" "-DDIFF_FILE=/home/asifuddin/hpc/stage1/bfs_mpi_path/external_libs/igraph-0.10.15/build/tests/test_igraph_i_incident.diff" "-DDIFF_TOOL=/usr/bin/diff" "-DFC_TOOL=" "-DIGRAPH_VERSION=0.10.15" "-DCROSSCOMPILING_EMULATOR=" "-P" "/home/asifuddin/hpc/stage1/bfs_mpi_path/external_libs/igraph-0.10.15/etc/cmake/run_legacy_test.cmake"
Directory: /home/asifuddin/hpc/stage1/bfs_mpi_path/external_libs/igraph-0.10.15/build/tests
"test::igraph_i_incident" start time: Sep 12 13:16 EDT
Output:
----------------------------------------------------------
<end of output>
Test time =   0.02 sec
----------------------------------------------------------
Test Passed.
"test::igraph_i_incident" end time: Sep 12 13:16 EDT
"test::igraph_i_incident" time elapsed: 00:00:00
----------------------------------------------------------

75/571 Testing: test::igraph_i_neighbors
75/571 Test: test::igraph_i_neighbors
Command: "/usr/bin/cmake" "-DTEST_EXECUTABLE=/home/asifuddin/hpc/stage1/bfs_mpi_path/external_libs/igraph-0.10.15/build/tests/test_igraph_i_neighbors" "-DEXPECTED_OUTPUT_FILE=/home/asifuddin/hpc/stage1/bfs_mpi_path/external_libs/igraph-0.10.15/tests/unit/igraph_i_neighbors.out" "-DOBSERVED_OUTPUT_FILE=/home/asifuddin/hpc/stage1/bfs_mpi_path/external_libs/igraph-0.10.15/build/tests/test_igraph_i_neighbors.out" "-DDIFF_FILE=/home/asifuddin/hpc/stage1/bfs_mpi_path/external_libs/igraph-0.10.15/build/tests/test_igraph_i_neighbors.diff" "-DDIFF_TOOL=/usr/bin/diff" "-DFC_TOOL=" "-DIGRAPH_VERSION=0.10.15" "-DCROSSCOMPILING_EMULATOR=" "-P" "/home/asifuddin/hpc/stage1/bfs_mpi_path/external_libs/igraph-0.10.15/etc/cmake/run_legacy_test.cmake"
Directory: /home/asifuddin/hpc/stage1/bfs_mpi_path/external_libs/igraph-0.10.15/build/tests
"test::igraph_i_neighbors" start time: Sep 12 13:16 EDT
Output:
----------------------------------------------------------
<end of output>
Test time =   0.02 sec
----------------------------------------------------------
Test Passed.
"test::igraph_i_neighbors" end time: Sep 12 13:16 EDT
"test::igraph_i_neighbors" time elapsed: 00:00:00
----------------------------------------------------------

76/571 Testing: test::igraph_neighbors
76/571 Test: test::igraph_neighbors
Command: "/home/asifuddin/hpc/stage1/bfs_mpi_path/external_libs/igraph-0.10.15/build/tests/test_igraph_neighbors"
Directory: /home/asifuddin/hpc/stage1/bfs_mpi_path/external_libs/igraph-0.10.15/tests/unit
"test::igraph_neighbors" start time: Sep 12 13:16 EDT
Output:
----------------------------------------------------------
<end of output>
Test time =   0.00 sec
----------------------------------------------------------
Test Passed.
"test::igraph_neighbors" end time: Sep 12 13:16 EDT
"test::igraph_neighbors" time elapsed: 00:00:00
----------------------------------------------------------

77/571 Testing: example::igraph_es_pairs
77/571 Test: example::igraph_es_pairs
Command: "/home/asifuddin/hpc/stage1/bfs_mpi_path/external_libs/igraph-0.10.15/build/tests/example_igraph_es_pairs"
Directory: /home/asifuddin/hpc/stage1/bfs_mpi_path/external_libs/igraph-0.10.15/examples/simple
"example::igraph_es_pairs" start time: Sep 12 13:16 EDT
Output:
----------------------------------------------------------
<end of output>
Test time =   0.00 sec
----------------------------------------------------------
Test Passed.
"example::igraph_es_pairs" end time: Sep 12 13:16 EDT
"example::igraph_es_pairs" time elapsed: 00:00:00
----------------------------------------------------------

78/571 Testing: example::igraph_vs_nonadj
78/571 Test: example::igraph_vs_nonadj
[...]
Command: "/usr/bin/cmake" "-DTEST_EXECUTABLE=/home/asifuddin/hpc/stage1/bfs_mpi_path/external_libs/igraph-0.10.15/build/tests/test_igraph_set_progress_handler" "-DEXPECTED_OUTPUT_FILE=/home/asifuddin/hpc/stage1/bfs_mpi_path/external_libs/igraph-0.10.15/tests/unit/igraph_set_progress_handler.out" "-DOBSERVED_OUTPUT_FILE=/home/asifuddin/hpc/stage1/bfs_mpi_path/external_libs/igraph-0.10.15/build/tests/test_igraph_set_progress_handler.out" "-DDIFF_FILE=/home/asifuddin/hpc/stage1/bfs_mpi_path/external_libs/igraph-0.10.15/build/tests/test_igraph_set_progress_handler.diff" "-DDIFF_TOOL=/usr/bin/diff" "-DFC_TOOL=" "-DIGRAPH_VERSION=0.10.15" "-DCROSSCOMPILING_EMULATOR=" "-P" "/home/asifuddin/hpc/stage1/bfs_mpi_path/external_libs/igraph-0.10.15/etc/cmake/run_legacy_test.cmake"
Directory: /home/asifuddin/hpc/stage1/bfs_mpi_path/external_libs/igraph-0.10.15/build/tests
"test::igraph_set_progress_handler" start time: Sep 12 13:17 EDT
Output:
----------------------------------------------------------
<end of output>
Test time =   0.02 sec
----------------------------------------------------------
Test Passed.
"test::igraph_set_progress_handler" end time: Sep 12 13:17 EDT
"test::igraph_set_progress_handler" time elapsed: 00:00:00
----------------------------------------------------------

556/571 Testing: test::error_macros
556/571 Test: test::error_macros
Command: "/usr/bin/cmake" "-DTEST_EXECUTABLE=/home/asifuddin/hpc/stage1/bfs_mpi_path/external_libs/igraph-0.10.15/build/tests/test_error_macros" "-DEXPECTED_OUTPUT_FILE=/home/asifuddin/hpc/stage1/bfs_mpi_path/external_libs/igraph-0.10.15/tests/unit/error_macros.out" "-DOBSERVED_OUTPUT_FILE=/home/asifuddin/hpc/stage1/bfs_mpi_path/external_libs/igraph-0.10.15/build/tests/test_error_macros.out" "-DDIFF_FILE=/home/asifuddin/hpc/stage1/bfs_mpi_path/external_libs/igraph-0.10.15/build/tests/test_error_macros.diff" "-DDIFF_TOOL=/usr/bin/diff" "-DFC_TOOL=" "-DIGRAPH_VERSION=0.10.15" "-DCROSSCOMPILING_EMULATOR=" "-P" "/home/asifuddin/hpc/stage1/bfs_mpi_path/external_libs/igraph-0.10.15/etc/cmake/run_legacy_test.cmake"
Directory: /home/asifuddin/hpc/stage1/bfs_mpi_path/external_libs/igraph-0.10.15/build/tests
"test::error_macros" start time: Sep 12 13:17 EDT
Output:
----------------------------------------------------------
<end of output>
Test time =   0.02 sec
----------------------------------------------------------
Test Passed.
"test::error_macros" end time: Sep 12 13:17 EDT
"test::error_macros" time elapsed: 00:00:00
----------------------------------------------------------

557/571 Testing: test::glpk_error
557/571 Test: test::glpk_error
Command: "/home/asifuddin/hpc/stage1/bfs_mpi_path/external_libs/igraph-0.10.15/build/tests/test_glpk_error"
Directory: /home/asifuddin/hpc/stage1/bfs_mpi_path/external_libs/igraph-0.10.15/tests/unit
"test::glpk_error" start time: Sep 12 13:17 EDT
Output:
----------------------------------------------------------
Error at src/misc/feedback_arc_set.c:804 : glp_add_rows: nrs = 114088450; too many rows
Error detected in file vendor/glpk/api/prob1.c at line 257 - Internal GPLK error.
<end of output>
Test time =   1.75 sec
----------------------------------------------------------
Test Passed.
"test::glpk_error" end time: Sep 12 13:17 EDT
"test::glpk_error" time elapsed: 00:00:01
----------------------------------------------------------

558/571 Testing: test::igraph_read_graph_gml_invalid_inputs
558/571 Test: test::igraph_read_graph_gml_invalid_inputs
Command: "/home/asifuddin/hpc/stage1/bfs_mpi_path/external_libs/igraph-0.10.15/build/tests/test_igraph_read_graph_gml_invalid_inputs"
Directory: /home/asifuddin/hpc/stage1/bfs_mpi_path/external_libs/igraph-0.10.15/tests/regression
"test::igraph_read_graph_gml_invalid_inputs" start time: Sep 12 13:17 EDT
Output:
----------------------------------------------------------
Warning at src/io/gml.c:479 : Unknown GML version: 0. Parsing will continue assuming GML version 1, but may fail.
<end of output>
Test time =   0.00 sec
----------------------------------------------------------
Test Passed.
"test::igraph_read_graph_gml_invalid_inputs" end time: Sep 12 13:17 EDT
"test::igraph_read_graph_gml_invalid_inputs" time elapsed: 00:00:00
----------------------------------------------------------

559/571 Testing: test::igraph_read_graph_graphml_invalid_inputs
559/571 Test: test::igraph_read_graph_graphml_invalid_inputs
Command: "/usr/bin/cmake" "-DTEST_EXECUTABLE=/home/asifuddin/hpc/stage1/bfs_mpi_path/external_libs/igraph-0.10.15/build/tests/test_igraph_read_graph_graphml_invalid_inputs" "-DEXPECTED_OUTPUT_FILE=/home/asifuddin/hpc/stage1/bfs_mpi_path/external_libs/igraph-0.10.15/tests/regression/igraph_read_graph_graphml_invalid_inputs.out" "-DOBSERVED_OUTPUT_FILE=/home/asifuddin/hpc/stage1/bfs_mpi_path/external_libs/igraph-0.10.15/build/tests/test_igraph_read_graph_graphml_invalid_inputs.out" "-DDIFF_FILE=/home/asifuddin/hpc/stage1/bfs_mpi_path/external_libs/igraph-0.10.15/build/tests/test_igraph_read_graph_graphml_invalid_inputs.diff" "-DDIFF_TOOL=/usr/bin/diff" "-DFC_TOOL=" "-DIGRAPH_VERSION=0.10.15" "-DCROSSCOMPILING_EMULATOR=" "-P" "/home/asifuddin/hpc/stage1/bfs_mpi_path/external_libs/igraph-0.10.15/etc/cmake/run_legacy_test.cmake"
Directory: /home/asifuddin/hpc/stage1/bfs_mpi_path/external_libs/igraph-0.10.15/build/tests
"test::igraph_read_graph_graphml_invalid_inputs" start time: Sep 12 13:17 EDT
Output:
----------------------------------------------------------
<end of output>
Test time =   0.01 sec
----------------------------------------------------------
Test Passed.
"test::igraph_read_graph_graphml_invalid_inputs" end time: Sep 12 13:17 EDT
"test::igraph_read_graph_graphml_invalid_inputs" time elapsed: 00:00:00
----------------------------------------------------------

560/571 Testing: test::igraph_read_graph_pajek_invalid_inputs
560/571 Test: test::igraph_read_graph_pajek_invalid_inputs
Command: "/home/asifuddin/hpc/stage1/bfs_mpi_path/external_libs/igraph-0.10.15/build/tests/test_igraph_read_graph_pajek_invalid_inputs"
Directory: /home/asifuddin/hpc/stage1/bfs_mpi_path/external_libs/igraph-0.10.15/tests/regression
"test::igraph_read_graph_pajek_invalid_inputs" start time: Sep 12 13:17 EDT
Output:
----------------------------------------------------------
<end of output>
Test time =   0.00 sec
----------------------------------------------------------
Test Passed.
"test::igraph_read_graph_pajek_invalid_inputs" end time: Sep 12 13:17 EDT
"test::igraph_read_graph_pajek_invalid_inputs" time elapsed: 00:00:00
----------------------------------------------------------

561/571 Testing: test::expand_path_to_pairs
561/571 Test: test::expand_path_to_pairs
Command: "/usr/bin/cmake" "-DTEST_EXECUTABLE=/home/asifuddin/hpc/stage1/bfs_mpi_path/external_libs/igraph-0.10.15/build/tests/test_expand_path_to_pairs" "-DEXPECTED_OUTPUT_FILE=/home/asifuddin/hpc/stage1/bfs_mpi_path/external_libs/igraph-0.10.15/tests/unit/expand_path_to_pairs.out" "-DOBSERVED_OUTPUT_FILE=/home/asifuddin/hpc/stage1/bfs_mpi_path/external_libs/igraph-0.10.15/build/tests/test_expand_path_to_pairs.out" "-DDIFF_FILE=/home/asifuddin/hpc/stage1/bfs_mpi_path/external_libs/igraph-0.10.15/build/tests/test_expand_path_to_pairs.diff" "-DDIFF_TOOL=/usr/bin/diff" "-DFC_TOOL=" "-DIGRAPH_VERSION=0.10.15" "-DCROSSCOMPILING_EMULATOR=" "-P" "/home/asifuddin/hpc/stage1/bfs_mpi_path/external_libs/igraph-0.10.15/etc/cmake/run_legacy_test.cmake"
Directory: /home/asifuddin/hpc/stage1/bfs_mpi_path/external_libs/igraph-0.10.15/build/tests
"test::expand_path_to_pairs" start time: Sep 12 13:17 EDT
Output:
----------------------------------------------------------
<end of output>
Test time =   0.02 sec
----------------------------------------------------------
Test Passed.
"test::expand_path_to_pairs" end time: Sep 12 13:17 EDT
"test::expand_path_to_pairs" time elapsed: 00:00:00
----------------------------------------------------------

562/571 Testing: test::igraph_running_mean
562/571 Test: test::igraph_running_mean
Command: "/usr/bin/cmake" "-DTEST_EXECUTABLE=/home/asifuddin/hpc/stage1/bfs_mpi_path/external_libs/igraph-0.10.15/build/tests/test_igraph_running_mean" "-DEXPECTED_OUTPUT_FILE=/home/asifuddin/hpc/stage1/bfs_mpi_path/external_libs/igraph-0.10.15/tests/unit/igraph_running_mean.out" "-DOBSERVED_OUTPUT_FILE=/home/asifuddin/hpc/stage1/bfs_mpi_path/external_libs/igraph-0.10.15/build/tests/test_igraph_running_mean.out" "-DDIFF_FILE=/home/asifuddin/hpc/stage1/bfs_mpi_path/external_libs/igraph-0.10.15/build/tests/test_igraph_running_mean.diff" "-DDIFF_TOOL=/usr/bin/diff" "-DFC_TOOL=" "-DIGRAPH_VERSION=0.10.15" "-DCROSSCOMPILING_EMULATOR=" "-P" "/home/asifuddin/hpc/stage1/bfs_mpi_path/external_libs/igraph-0.10.15/etc/cmake/run_legacy_test.cmake"
Directory: /home/asifuddin/hpc/stage1/bfs_mpi_path/external_libs/igraph-0.10.15/build/tests
"test::igraph_running_mean" start time: Sep 12 13:17 EDT
Output:
----------------------------------------------------------
<end of output>
Test time =   0.02 sec
----------------------------------------------------------
Test Passed.
"test::igraph_running_mean" end time: Sep 12 13:17 EDT
"test::igraph_running_mean" time elapsed: 00:00:00
----------------------------------------------------------

563/571 Testing: test::igraph_solve_lsap
563/571 Test: test::igraph_solve_lsap
Command: "/usr/bin/cmake" "-DTEST_EXECUTABLE=/home/asifuddin/hpc/stage1/bfs_mpi_path/external_libs/igraph-0.10.15/build/tests/test_igraph_solve_lsap" "-DEXPECTED_OUTPUT_FILE=/home/asifuddin/hpc/stage1/bfs_mpi_path/external_libs/igraph-0.10.15/tests/unit/igraph_solve_lsap.out" "-DOBSERVED_OUTPUT_FILE=/home/asifuddin/hpc/stage1/bfs_mpi_path/external_libs/igraph-0.10.15/build/tests/test_igraph_solve_lsap.out" "-DDIFF_FILE=/home/asifuddin/hpc/stage1/bfs_mpi_path/external_libs/igraph-0.10.15/build/tests/test_igraph_solve_lsap.diff" "-DDIFF_TOOL=/usr/bin/diff" "-DFC_TOOL=" "-DIGRAPH_VERSION=0.10.15" "-DCROSSCOMPILING_EMULATOR=" "-P" "/home/asifuddin/hpc/stage1/bfs_mpi_path/external_libs/igraph-0.10.15/etc/cmake/run_legacy_test.cmake"
Directory: /home/asifuddin/hpc/stage1/bfs_mpi_path/external_libs/igraph-0.10.15/build/tests
"test::igraph_solve_lsap" start time: Sep 12 13:17 EDT
Output:
----------------------------------------------------------
<end of output>
Test time =   0.02 sec
----------------------------------------------------------
Test Passed.
"test::igraph_solve_lsap" end time: Sep 12 13:17 EDT
"test::igraph_solve_lsap" time elapsed: 00:00:00
----------------------------------------------------------

564/571 Testing: test::zero_allocs
564/571 Test: test::zero_allocs
Command: "/home/asifuddin/hpc/stage1/bfs_mpi_path/external_libs/igraph-0.10.15/build/tests/test_zero_allocs"
Directory: /home/asifuddin/hpc/stage1/bfs_mpi_path/external_libs/igraph-0.10.15/tests/unit
"test::zero_allocs" start time: Sep 12 13:17 EDT
Output:
----------------------------------------------------------
<end of output>
Test time =   0.00 sec
----------------------------------------------------------
Test Passed.
"test::zero_allocs" end time: Sep 12 13:17 EDT
"test::zero_allocs" time elapsed: 00:00:00
----------------------------------------------------------

565/571 Testing: test::igraph_sir
565/571 Test: test::igraph_sir
Command: "/usr/bin/cmake" "-DTEST_EXECUTABLE=/home/asifuddin/hpc/stage1/bfs_mpi_path/external_libs/igraph-0.10.15/build/tests/test_igraph_sir" "-DEXPECTED_OUTPUT_FILE=/home/asifuddin/hpc/stage1/bfs_mpi_path/external_libs/igraph-0.10.15/tests/unit/igraph_sir.out" "-DOBSERVED_OUTPUT_FILE=/home/asifuddin/hpc/stage1/bfs_mpi_path/external_libs/igraph-0.10.15/build/tests/test_igraph_sir.out" "-DDIFF_FILE=/home/asifuddin/hpc/stage1/bfs_mpi_path/external_libs/igraph-0.10.15/build/tests/test_igraph_sir.diff" "-DDIFF_TOOL=/usr/bin/diff" "-DFC_TOOL=" "-DIGRAPH_VERSION=0.10.15" "-DCROSSCOMPILING_EMULATOR=" "-P" "/home/asifuddin/hpc/stage1/bfs_mpi_path/external_libs/igraph-0.10.15/etc/cmake/run_legacy_test.cmake"
Directory: /home/asifuddin/hpc/stage1/bfs_mpi_path/external_libs/igraph-0.10.15/build/tests
"test::igraph_sir" start time: Sep 12 13:17 EDT
Output:
----------------------------------------------------------
<end of output>
Test time =   0.02 sec
----------------------------------------------------------
Test Passed.
"test::igraph_sir" end time: Sep 12 13:17 EDT
"test::igraph_sir" time elapsed: 00:00:00
----------------------------------------------------------

566/571 Testing: test::igraph_sample_dirichlet
566/571 Test: test::igraph_sample_dirichlet
Command: "/usr/bin/cmake" "-DTEST_EXECUTABLE=/home/asifuddin/hpc/stage1/bfs_mpi_path/external_libs/igraph-0.10.15/build/tests/test_igraph_sample_dirichlet" "-DEXPECTED_OUTPUT_FILE=/home/asifuddin/hpc/stage1/bfs_mpi_path/external_libs/igraph-0.10.15/tests/unit/igraph_sample_dirichlet.out" "-DOBSERVED_OUTPUT_FILE=/home/asifuddin/hpc/stage1/bfs_mpi_path/external_libs/igraph-0.10.15/build/tests/test_igraph_sample_dirichlet.out" "-DDIFF_FILE=/home/asifuddin/hpc/stage1/bfs_mpi_path/external_libs/igraph-0.10.15/build/tests/test_igraph_sample_dirichlet.diff" "-DDIFF_TOOL=/usr/bin/diff" "-DFC_TOOL=" "-DIGRAPH_VERSION=0.10.15" "-DCROSSCOMPILING_EMULATOR=" "-P" "/home/asifuddin/hpc/stage1/bfs_mpi_path/external_libs/igraph-0.10.15/etc/cmake/run_legacy_test.cmake"
Directory: /home/asifuddin/hpc/stage1/bfs_mpi_path/external_libs/igraph-0.10.15/build/tests
"test::igraph_sample_dirichlet" start time: Sep 12 13:17 EDT
Output:
----------------------------------------------------------
<end of output>
Test time =   0.02 sec
----------------------------------------------------------
Test Passed.
"test::igraph_sample_dirichlet" end time: Sep 12 13:17 EDT
"test::igraph_sample_dirichlet" time elapsed: 00:00:00
----------------------------------------------------------

567/571 Testing: test::igraph_sample_sphere
567/571 Test: test::igraph_sample_sphere
Command: "/home/asifuddin/hpc/stage1/bfs_mpi_path/external_libs/igraph-0.10.15/build/tests/test_igraph_sample_sphere"
Directory: /home/asifuddin/hpc/stage1/bfs_mpi_path/external_libs/igraph-0.10.15/tests/unit
"test::igraph_sample_sphere" start time: Sep 12 13:17 EDT
Output:
----------------------------------------------------------
<end of output>
Test time =   0.00 sec
----------------------------------------------------------
Test Passed.
"test::igraph_sample_sphere" end time: Sep 12 13:17 EDT
"test::igraph_sample_sphere" time elapsed: 00:00:00
----------------------------------------------------------

568/571 Testing: test::igraph_triangular_lattice
568/571 Test: test::igraph_triangular_lattice
Command: "/usr/bin/cmake" "-DTEST_EXECUTABLE=/home/asifuddin/hpc/stage1/bfs_mpi_path/external_libs/igraph-0.10.15/build/tests/test_igraph_triangular_lattice" "-DEXPECTED_OUTPUT_FILE=/home/asifuddin/hpc/stage1/bfs_mpi_path/external_libs/igraph-0.10.15/tests/unit/igraph_triangular_lattice.out" "-DOBSERVED_OUTPUT_FILE=/home/asifuddin/hpc/stage1/bfs_mpi_path/external_libs/igraph-0.10.15/build/tests/test_igraph_triangular_lattice.out" "-DDIFF_FILE=/home/asifuddin/hpc/stage1/bfs_mpi_path/external_libs/igraph-0.10.15/build/tests/test_igraph_triangular_lattice.diff" "-DDIFF_TOOL=/usr/bin/diff" "-DFC_TOOL=" "-DIGRAPH_VERSION=0.10.15" "-DCROSSCOMPILING_EMULATOR=" "-P" "/home/asifuddin/hpc/stage1/bfs_mpi_path/external_libs/igraph-0.10.15/etc/cmake/run_legacy_test.cmake"
Directory: /home/asifuddin/hpc/stage1/bfs_mpi_path/external_libs/igraph-0.10.15/build/tests
"test::igraph_triangular_lattice" start time: Sep 12 13:17 EDT
Output:
----------------------------------------------------------
<end of output>
Test time =   0.02 sec
----------------------------------------------------------
Test Passed.
"test::igraph_triangular_lattice" end time: Sep 12 13:17 EDT
"test::igraph_triangular_lattice" time elapsed: 00:00:00
----------------------------------------------------------

569/571 Testing: test::igraph_hexagonal_lattice
569/571 Test: test::igraph_hexagonal_lattice
Command: "/usr/bin/cmake" "-DTEST_EXECUTABLE=/home/asifuddin/hpc/stage1/bfs_mpi_path/external_libs/igraph-0.10.15/build/tests/test_igraph_hexagonal_lattice" "-DEXPECTED_OUTPUT_FILE=/home/asifuddin/hpc/stage1/bfs_mpi_path/external_libs/igraph-0.10.15/tests/unit/igraph_hexagonal_lattice.out" "-DOBSERVED_OUTPUT_FILE=/home/asifuddin/hpc/stage1/bfs_mpi_path/external_libs/igraph-0.10.15/build/tests/test_igraph_hexagonal_lattice.out" "-DDIFF_FILE=/home/asifuddin/hpc/stage1/bfs_mpi_path/external_libs/igraph-0.10.15/build/tests/test_igraph_hexagonal_lattice.diff" "-DDIFF_TOOL=/usr/bin/diff" "-DFC_TOOL=" "-DIGRAPH_VERSION=0.10.15" "-DCROSSCOMPILING_EMULATOR=" "-P" "/home/asifuddin/hpc/stage1/bfs_mpi_path/external_libs/igraph-0.10.15/etc/cmake/run_legacy_test.cmake"
Directory: /home/asifuddin/hpc/stage1/bfs_mpi_path/external_libs/igraph-0.10.15/build/tests
"test::igraph_hexagonal_lattice" start time: Sep 12 13:17 EDT
Output:
----------------------------------------------------------
<end of output>
Test time =   0.02 sec
----------------------------------------------------------
Test Passed.
"test::igraph_hexagonal_lattice" end time: Sep 12 13:17 EDT
"test::igraph_hexagonal_lattice" time elapsed: 00:00:00
----------------------------------------------------------

570/571 Testing: test::jdm
570/571 Test: test::jdm
Command: "/usr/bin/cmake" "-DTEST_EXECUTABLE=/home/asifuddin/hpc/stage1/bfs_mpi_path/external_libs/igraph-0.10.15/build/tests/test_jdm" "-DEXPECTED_OUTPUT_FILE=/home/asifuddin/hpc/stage1/bfs_mpi_path/external_libs/igraph-0.10.15/tests/unit/jdm.out" "-DOBSERVED_OUTPUT_FILE=/home/asifuddin/hpc/stage1/bfs_mpi_path/external_libs/igraph-0.10.15/build/tests/test_jdm.out" "-DDIFF_FILE=/home/asifuddin/hpc/stage1/bfs_mpi_path/external_libs/igraph-0.10.15/build/tests/test_jdm.diff" "-DDIFF_TOOL=/usr/bin/diff" "-DFC_TOOL=" "-DIGRAPH_VERSION=0.10.15" "-DCROSSCOMPILING_EMULATOR=" "-P" "/home/asifuddin/hpc/stage1/bfs_mpi_path/external_libs/igraph-0.10.15/etc/cmake/run_legacy_test.cmake"
Directory: /home/asifuddin/hpc/stage1/bfs_mpi_path/external_libs/igraph-0.10.15/build/tests
"test::jdm" start time: Sep 12 13:17 EDT
Output:
----------------------------------------------------------
<end of output>
Test time =   0.02 sec
----------------------------------------------------------
Test Passed.
"test::jdm" end time: Sep 12 13:17 EDT
"test::jdm" time elapsed: 00:00:00
----------------------------------------------------------

571/571 Testing: test::igraph_realize_bipartite_degree_sequence
571/571 Test: test::igraph_realize_bipartite_degree_sequence
Command: "/usr/bin/cmake" "-DTEST_EXECUTABLE=/home/asifuddin/hpc/stage1/bfs_mpi_path/external_libs/igraph-0.10.15/build/tests/test_igraph_realize_bipartite_degree_sequence" "-DEXPECTED_OUTPUT_FILE=/home/asifuddin/hpc/stage1/bfs_mpi_path/external_libs/igraph-0.10.15/tests/unit/igraph_realize_bipartite_degree_sequence.out" "-DOBSERVED_OUTPUT_FILE=/home/asifuddin/hpc/stage1/bfs_mpi_path/external_libs/igraph-0.10.15/build/tests/test_igraph_realize_bipartite_degree_sequence.out" "-DDIFF_FILE=/home/asifuddin/hpc/stage1/bfs_mpi_path/external_libs/igraph-0.10.15/build/tests/test_igraph_realize_bipartite_degree_sequence.diff" "-DDIFF_TOOL=/usr/bin/diff" "-DFC_TOOL=" "-DIGRAPH_VERSION=0.10.15" "-DCROSSCOMPILING_EMULATOR=" "-P" "/home/asifuddin/hpc/stage1/bfs_mpi_path/external_libs/igraph-0.10.15/etc/cmake/run_legacy_test.cmake"
Directory: /home/asifuddin/hpc/stage1/bfs_mpi_path/external_libs/igraph-0.10.15/build/tests
"test::igraph_realize_bipartite_degree_sequence" start time: Sep 12 13:17 EDT
Output:
----------------------------------------------------------
<end of output>
Test time =   0.02 sec
----------------------------------------------------------
Test Passed.
"test::igraph_realize_bipartite_degree_sequence" end time: Sep 12 13:17 EDT
"test::igraph_realize_bipartite_degree_sequence" time elapsed: 00:00:00
----------------------------------------------------------

End testing: Sep 12 13:17 EDT
